{"D:\\Work\\restropulse\\restropulse-pwa\\api.ts": {"path":"D:\\Work\\restropulse\\restropulse-pwa\\api.ts","statementMap":{"0":{"start":{"line":3,"column":21},"end":{"line":3,"column":null}},"1":{"start":{"line":7,"column":18},"end":{"line":7,"column":null}},"2":{"start":{"line":9,"column":33},"end":{"line":13,"column":null}},"3":{"start":{"line":15,"column":21},"end":{"line":18,"column":null}},"4":{"start":{"line":20,"column":4},"end":{"line":23,"column":null}},"5":{"start":{"line":21,"column":22},"end":{"line":21,"column":null}},"6":{"start":{"line":21,"column":57},"end":{"line":21,"column":86}},"7":{"start":{"line":22,"column":8},"end":{"line":22,"column":null}},"8":{"start":{"line":25,"column":4},"end":{"line":25,"column":null}},"9":{"start":{"line":29,"column":23},"end":{"line":52,"column":null}},"10":{"start":{"line":31,"column":25},"end":{"line":34,"column":null}},"11":{"start":{"line":36,"column":8},"end":{"line":38,"column":null}},"12":{"start":{"line":37,"column":12},"end":{"line":37,"column":null}},"13":{"start":{"line":40,"column":8},"end":{"line":40,"column":null}},"14":{"start":{"line":44,"column":8},"end":{"line":44,"column":null}},"15":{"start":{"line":45,"column":8},"end":{"line":45,"column":null}},"16":{"start":{"line":46,"column":8},"end":{"line":46,"column":null}},"17":{"start":{"line":50,"column":8},"end":{"line":50,"column":null}},"18":{"start":{"line":55,"column":29},"end":{"line":91,"column":null}},"19":{"start":{"line":57,"column":25},"end":{"line":57,"column":null}},"20":{"start":{"line":58,"column":8},"end":{"line":58,"column":null}},"21":{"start":{"line":62,"column":25},"end":{"line":65,"column":null}},"22":{"start":{"line":66,"column":8},"end":{"line":66,"column":null}},"23":{"start":{"line":70,"column":25},"end":{"line":73,"column":null}},"24":{"start":{"line":74,"column":8},"end":{"line":74,"column":null}},"25":{"start":{"line":78,"column":25},"end":{"line":81,"column":null}},"26":{"start":{"line":82,"column":8},"end":{"line":82,"column":null}},"27":{"start":{"line":86,"column":25},"end":{"line":88,"column":null}},"28":{"start":{"line":89,"column":8},"end":{"line":89,"column":null}},"29":{"start":{"line":94,"column":24},"end":{"line":124,"column":null}},"30":{"start":{"line":96,"column":25},"end":{"line":96,"column":null}},"31":{"start":{"line":97,"column":8},"end":{"line":97,"column":null}},"32":{"start":{"line":101,"column":25},"end":{"line":101,"column":null}},"33":{"start":{"line":102,"column":8},"end":{"line":102,"column":null}},"34":{"start":{"line":106,"column":25},"end":{"line":109,"column":null}},"35":{"start":{"line":110,"column":8},"end":{"line":110,"column":null}},"36":{"start":{"line":114,"column":25},"end":{"line":117,"column":null}},"37":{"start":{"line":118,"column":8},"end":{"line":118,"column":null}},"38":{"start":{"line":122,"column":8},"end":{"line":122,"column":null}},"39":{"start":{"line":127,"column":27},"end":{"line":166,"column":null}},"40":{"start":{"line":129,"column":25},"end":{"line":129,"column":null}},"41":{"start":{"line":130,"column":8},"end":{"line":130,"column":null}},"42":{"start":{"line":134,"column":25},"end":{"line":137,"column":null}},"43":{"start":{"line":138,"column":8},"end":{"line":138,"column":null}},"44":{"start":{"line":142,"column":25},"end":{"line":142,"column":null}},"45":{"start":{"line":143,"column":8},"end":{"line":143,"column":null}},"46":{"start":{"line":147,"column":25},"end":{"line":147,"column":null}},"47":{"start":{"line":148,"column":8},"end":{"line":148,"column":null}},"48":{"start":{"line":152,"column":25},"end":{"line":155,"column":null}},"49":{"start":{"line":156,"column":8},"end":{"line":156,"column":null}},"50":{"start":{"line":160,"column":25},"end":{"line":163,"column":null}},"51":{"start":{"line":164,"column":8},"end":{"line":164,"column":null}}},"fnMap":{"0":{"name":"fetchAPI","decl":{"start":{"line":6,"column":15},"end":{"line":6,"column":27}},"loc":{"start":{"line":6,"column":80},"end":{"line":26,"column":null}},"line":6},"1":{"name":"(anonymous_1)","decl":{"start":{"line":21,"column":50},"end":{"line":21,"column":57}},"loc":{"start":{"line":21,"column":57},"end":{"line":21,"column":86}},"line":21},"2":{"name":"(anonymous_2)","decl":{"start":{"line":30,"column":11},"end":{"line":30,"column":18}},"loc":{"start":{"line":30,"column":71},"end":{"line":41,"column":null}},"line":30},"3":{"name":"(anonymous_3)","decl":{"start":{"line":43,"column":12},"end":{"line":43,"column":39}},"loc":{"start":{"line":43,"column":39},"end":{"line":47,"column":null}},"line":43},"4":{"name":"(anonymous_4)","decl":{"start":{"line":49,"column":18},"end":{"line":49,"column":53}},"loc":{"start":{"line":49,"column":53},"end":{"line":51,"column":null}},"line":49},"5":{"name":"(anonymous_5)","decl":{"start":{"line":56,"column":9},"end":{"line":56,"column":16}},"loc":{"start":{"line":56,"column":52},"end":{"line":59,"column":null}},"line":56},"6":{"name":"(anonymous_6)","decl":{"start":{"line":61,"column":12},"end":{"line":61,"column":19}},"loc":{"start":{"line":61,"column":82},"end":{"line":67,"column":null}},"line":61},"7":{"name":"(anonymous_7)","decl":{"start":{"line":69,"column":18},"end":{"line":69,"column":25}},"loc":{"start":{"line":69,"column":113},"end":{"line":75,"column":null}},"line":69},"8":{"name":"(anonymous_8)","decl":{"start":{"line":77,"column":20},"end":{"line":77,"column":27}},"loc":{"start":{"line":77,"column":115},"end":{"line":83,"column":null}},"line":77},"9":{"name":"(anonymous_9)","decl":{"start":{"line":85,"column":16},"end":{"line":85,"column":23}},"loc":{"start":{"line":85,"column":59},"end":{"line":90,"column":null}},"line":85},"10":{"name":"(anonymous_10)","decl":{"start":{"line":95,"column":12},"end":{"line":95,"column":41}},"loc":{"start":{"line":95,"column":41},"end":{"line":98,"column":null}},"line":95},"11":{"name":"(anonymous_11)","decl":{"start":{"line":100,"column":13},"end":{"line":100,"column":20}},"loc":{"start":{"line":100,"column":50},"end":{"line":103,"column":null}},"line":100},"12":{"name":"(anonymous_12)","decl":{"start":{"line":105,"column":12},"end":{"line":105,"column":19}},"loc":{"start":{"line":105,"column":61},"end":{"line":111,"column":null}},"line":105},"13":{"name":"(anonymous_13)","decl":{"start":{"line":113,"column":12},"end":{"line":113,"column":19}},"loc":{"start":{"line":113,"column":70},"end":{"line":119,"column":null}},"line":113},"14":{"name":"(anonymous_14)","decl":{"start":{"line":121,"column":12},"end":{"line":121,"column":19}},"loc":{"start":{"line":121,"column":49},"end":{"line":123,"column":null}},"line":121},"15":{"name":"(anonymous_15)","decl":{"start":{"line":128,"column":17},"end":{"line":128,"column":55}},"loc":{"start":{"line":128,"column":55},"end":{"line":131,"column":null}},"line":128},"16":{"name":"(anonymous_16)","decl":{"start":{"line":133,"column":20},"end":{"line":133,"column":27}},"loc":{"start":{"line":133,"column":92},"end":{"line":139,"column":null}},"line":133},"17":{"name":"(anonymous_17)","decl":{"start":{"line":141,"column":18},"end":{"line":141,"column":56}},"loc":{"start":{"line":141,"column":56},"end":{"line":144,"column":null}},"line":141},"18":{"name":"(anonymous_18)","decl":{"start":{"line":146,"column":18},"end":{"line":146,"column":25}},"loc":{"start":{"line":146,"column":64},"end":{"line":149,"column":null}},"line":146},"19":{"name":"(anonymous_19)","decl":{"start":{"line":151,"column":17},"end":{"line":151,"column":24}},"loc":{"start":{"line":151,"column":85},"end":{"line":157,"column":null}},"line":151},"20":{"name":"(anonymous_20)","decl":{"start":{"line":159,"column":17},"end":{"line":159,"column":24}},"loc":{"start":{"line":159,"column":94},"end":{"line":165,"column":null}},"line":159}},"branchMap":{"0":{"loc":{"start":{"line":3,"column":21},"end":{"line":3,"column":null}},"type":"binary-expr","locations":[{"start":{"line":3,"column":21},"end":{"line":3,"column":53}},{"start":{"line":3,"column":53},"end":{"line":3,"column":null}}],"line":3},"1":{"loc":{"start":{"line":11,"column":12},"end":{"line":11,"column":null}},"type":"binary-expr","locations":[{"start":{"line":11,"column":12},"end":{"line":11,"column":21}},{"start":{"line":11,"column":21},"end":{"line":11,"column":null}}],"line":11},"2":{"loc":{"start":{"line":20,"column":4},"end":{"line":23,"column":null}},"type":"if","locations":[{"start":{"line":20,"column":4},"end":{"line":23,"column":null}},{"start":{},"end":{}}],"line":20},"3":{"loc":{"start":{"line":22,"column":24},"end":{"line":22,"column":66}},"type":"binary-expr","locations":[{"start":{"line":22,"column":24},"end":{"line":22,"column":41}},{"start":{"line":22,"column":41},"end":{"line":22,"column":66}}],"line":22},"4":{"loc":{"start":{"line":36,"column":8},"end":{"line":38,"column":null}},"type":"if","locations":[{"start":{"line":36,"column":8},"end":{"line":38,"column":null}},{"start":{},"end":{}}],"line":36},"5":{"loc":{"start":{"line":36,"column":12},"end":{"line":36,"column":48}},"type":"binary-expr","locations":[{"start":{"line":36,"column":12},"end":{"line":36,"column":32}},{"start":{"line":36,"column":32},"end":{"line":36,"column":48}}],"line":36}},"s":{"0":1,"1":26,"2":26,"3":26,"4":25,"5":4,"6":1,"7":4,"8":21,"9":1,"10":3,"11":1,"12":1,"13":1,"14":1,"15":1,"16":1,"17":2,"18":1,"19":4,"20":1,"21":1,"22":1,"23":2,"24":2,"25":1,"26":1,"27":1,"28":1,"29":1,"30":1,"31":1,"32":1,"33":0,"34":1,"35":1,"36":1,"37":1,"38":1,"39":1,"40":1,"41":1,"42":1,"43":1,"44":1,"45":1,"46":1,"47":1,"48":1,"49":1,"50":1,"51":1},"f":{"0":26,"1":1,"2":3,"3":1,"4":2,"5":4,"6":1,"7":2,"8":1,"9":1,"10":1,"11":1,"12":1,"13":1,"14":1,"15":1,"16":1,"17":1,"18":1,"19":1,"20":1},"b":{"0":[1,0],"1":[26,23],"2":[4,21],"3":[4,0],"4":[1,0],"5":[1,1]},"meta":{"lastBranch":6,"lastFunction":21,"lastStatement":52,"seen":{"s:3:21:3:Infinity":0,"b:3:21:3:53:3:53:3:Infinity":0,"f:6:15:6:27":0,"s:7:18:7:Infinity":1,"s:9:33:13:Infinity":2,"b:11:12:11:21:11:21:11:Infinity":1,"s:15:21:18:Infinity":3,"b:20:4:23:Infinity:undefined:undefined:undefined:undefined":2,"s:20:4:23:Infinity":4,"s:21:22:21:Infinity":5,"f:21:50:21:57":1,"s:21:57:21:86":6,"s:22:8:22:Infinity":7,"b:22:24:22:41:22:41:22:66":3,"s:25:4:25:Infinity":8,"s:29:23:52:Infinity":9,"f:30:11:30:18":2,"s:31:25:34:Infinity":10,"b:36:8:38:Infinity:undefined:undefined:undefined:undefined":4,"s:36:8:38:Infinity":11,"b:36:12:36:32:36:32:36:48":5,"s:37:12:37:Infinity":12,"s:40:8:40:Infinity":13,"f:43:12:43:39":3,"s:44:8:44:Infinity":14,"s:45:8:45:Infinity":15,"s:46:8:46:Infinity":16,"f:49:18:49:53":4,"s:50:8:50:Infinity":17,"s:55:29:91:Infinity":18,"f:56:9:56:16":5,"s:57:25:57:Infinity":19,"s:58:8:58:Infinity":20,"f:61:12:61:19":6,"s:62:25:65:Infinity":21,"s:66:8:66:Infinity":22,"f:69:18:69:25":7,"s:70:25:73:Infinity":23,"s:74:8:74:Infinity":24,"f:77:20:77:27":8,"s:78:25:81:Infinity":25,"s:82:8:82:Infinity":26,"f:85:16:85:23":9,"s:86:25:88:Infinity":27,"s:89:8:89:Infinity":28,"s:94:24:124:Infinity":29,"f:95:12:95:41":10,"s:96:25:96:Infinity":30,"s:97:8:97:Infinity":31,"f:100:13:100:20":11,"s:101:25:101:Infinity":32,"s:102:8:102:Infinity":33,"f:105:12:105:19":12,"s:106:25:109:Infinity":34,"s:110:8:110:Infinity":35,"f:113:12:113:19":13,"s:114:25:117:Infinity":36,"s:118:8:118:Infinity":37,"f:121:12:121:19":14,"s:122:8:122:Infinity":38,"s:127:27:166:Infinity":39,"f:128:17:128:55":15,"s:129:25:129:Infinity":40,"s:130:8:130:Infinity":41,"f:133:20:133:27":16,"s:134:25:137:Infinity":42,"s:138:8:138:Infinity":43,"f:141:18:141:56":17,"s:142:25:142:Infinity":44,"s:143:8:143:Infinity":45,"f:146:18:146:25":18,"s:147:25:147:Infinity":46,"s:148:8:148:Infinity":47,"f:151:17:151:24":19,"s:152:25:155:Infinity":48,"s:156:8:156:Infinity":49,"f:159:17:159:24":20,"s:160:25:163:Infinity":50,"s:164:8:164:Infinity":51}}}
,"D:\\Work\\restropulse\\restropulse-pwa\\constants.ts": {"path":"D:\\Work\\restropulse\\restropulse-pwa\\constants.ts","statementMap":{"0":{"start":{"line":5,"column":28},"end":{"line":11,"column":null}},"1":{"start":{"line":14,"column":32},"end":{"line":18,"column":null}},"2":{"start":{"line":21,"column":33},"end":{"line":25,"column":null}}},"fnMap":{},"branchMap":{},"s":{"0":1,"1":1,"2":1},"f":{},"b":{},"meta":{"lastBranch":0,"lastFunction":0,"lastStatement":3,"seen":{"s:5:28:11:Infinity":0,"s:14:32:18:Infinity":1,"s:21:33:25:Infinity":2}}}
,"D:\\Work\\restropulse\\restropulse-pwa\\components\\ContentStudio.tsx": {"path":"D:\\Work\\restropulse\\restropulse-pwa\\components\\ContentStudio.tsx","statementMap":{"0":{"start":{"line":7,"column":28},"end":{"line":12,"column":null}},"1":{"start":{"line":14,"column":48},"end":{"line":19,"column":null}},"2":{"start":{"line":22,"column":21},"end":{"line":32,"column":null}},"3":{"start":{"line":23,"column":4},"end":{"line":32,"column":null}},"4":{"start":{"line":43,"column":22},"end":{"line":61,"column":null}},"5":{"start":{"line":44,"column":4},"end":{"line":44,"column":null}},"6":{"start":{"line":44,"column":22},"end":{"line":44,"column":null}},"7":{"start":{"line":45,"column":4},"end":{"line":60,"column":null}},"8":{"start":{"line":47,"column":23},"end":{"line":47,"column":null}},"9":{"start":{"line":48,"column":8},"end":{"line":55,"column":null}},"10":{"start":{"line":49,"column":12},"end":{"line":54,"column":null}},"11":{"start":{"line":56,"column":8},"end":{"line":56,"column":null}},"12":{"start":{"line":59,"column":8},"end":{"line":59,"column":null}},"13":{"start":{"line":64,"column":28},"end":{"line":72,"column":null}},"14":{"start":{"line":66,"column":18},"end":{"line":66,"column":null}},"15":{"start":{"line":67,"column":4},"end":{"line":71,"column":null}},"16":{"start":{"line":74,"column":30},"end":{"line":125,"column":null}},"17":{"start":{"line":75,"column":17},"end":{"line":75,"column":null}},"18":{"start":{"line":76,"column":4},"end":{"line":76,"column":null}},"19":{"start":{"line":76,"column":61},"end":{"line":76,"column":null}},"20":{"start":{"line":78,"column":45},"end":{"line":78,"column":null}},"21":{"start":{"line":80,"column":4},"end":{"line":123,"column":null}},"22":{"start":{"line":84,"column":20},"end":{"line":86,"column":null}},"23":{"start":{"line":90,"column":66},"end":{"line":94,"column":24}},"24":{"start":{"line":134,"column":42},"end":{"line":487,"column":null}},"25":{"start":{"line":136,"column":40},"end":{"line":136,"column":null}},"26":{"start":{"line":137,"column":36},"end":{"line":137,"column":null}},"27":{"start":{"line":138,"column":32},"end":{"line":138,"column":null}},"28":{"start":{"line":141,"column":34},"end":{"line":141,"column":null}},"29":{"start":{"line":142,"column":10},"end":{"line":142,"column":null}},"30":{"start":{"line":145,"column":25},"end":{"line":145,"column":null}},"31":{"start":{"line":146,"column":4},"end":{"line":148,"column":null}},"32":{"start":{"line":147,"column":8},"end":{"line":147,"column":null}},"33":{"start":{"line":150,"column":21},"end":{"line":150,"column":null}},"34":{"start":{"line":151,"column":23},"end":{"line":151,"column":null}},"35":{"start":{"line":152,"column":27},"end":{"line":152,"column":null}},"36":{"start":{"line":153,"column":23},"end":{"line":153,"column":null}},"37":{"start":{"line":156,"column":22},"end":{"line":160,"column":null}},"38":{"start":{"line":157,"column":8},"end":{"line":157,"column":null}},"39":{"start":{"line":158,"column":8},"end":{"line":158,"column":null}},"40":{"start":{"line":158,"column":29},"end":{"line":158,"column":null}},"41":{"start":{"line":159,"column":8},"end":{"line":159,"column":null}},"42":{"start":{"line":159,"column":24},"end":{"line":159,"column":67}},"43":{"start":{"line":162,"column":22},"end":{"line":166,"column":null}},"44":{"start":{"line":163,"column":8},"end":{"line":163,"column":null}},"45":{"start":{"line":164,"column":8},"end":{"line":164,"column":null}},"46":{"start":{"line":164,"column":29},"end":{"line":164,"column":null}},"47":{"start":{"line":165,"column":8},"end":{"line":165,"column":null}},"48":{"start":{"line":165,"column":33},"end":{"line":165,"column":84}},"49":{"start":{"line":169,"column":29},"end":{"line":169,"column":null}},"50":{"start":{"line":170,"column":25},"end":{"line":173,"column":null}},"51":{"start":{"line":171,"column":8},"end":{"line":171,"column":null}},"52":{"start":{"line":172,"column":8},"end":{"line":172,"column":null}},"53":{"start":{"line":174,"column":24},"end":{"line":174,"column":null}},"54":{"start":{"line":174,"column":49},"end":{"line":174,"column":null}},"55":{"start":{"line":175,"column":23},"end":{"line":182,"column":null}},"56":{"start":{"line":176,"column":8},"end":{"line":176,"column":null}},"57":{"start":{"line":176,"column":38},"end":{"line":176,"column":null}},"58":{"start":{"line":177,"column":25},"end":{"line":177,"column":null}},"59":{"start":{"line":178,"column":28},"end":{"line":178,"column":null}},"60":{"start":{"line":179,"column":29},"end":{"line":179,"column":null}},"61":{"start":{"line":180,"column":8},"end":{"line":180,"column":null}},"62":{"start":{"line":180,"column":25},"end":{"line":180,"column":null}},"63":{"start":{"line":181,"column":8},"end":{"line":181,"column":null}},"64":{"start":{"line":181,"column":26},"end":{"line":181,"column":null}},"65":{"start":{"line":185,"column":23},"end":{"line":200,"column":null}},"66":{"start":{"line":186,"column":8},"end":{"line":186,"column":null}},"67":{"start":{"line":187,"column":8},"end":{"line":187,"column":null}},"68":{"start":{"line":187,"column":31},"end":{"line":187,"column":null}},"69":{"start":{"line":189,"column":8},"end":{"line":199,"column":null}},"70":{"start":{"line":190,"column":12},"end":{"line":190,"column":null}},"71":{"start":{"line":191,"column":12},"end":{"line":191,"column":null}},"72":{"start":{"line":193,"column":12},"end":{"line":198,"column":null}},"73":{"start":{"line":194,"column":16},"end":{"line":194,"column":null}},"74":{"start":{"line":195,"column":16},"end":{"line":195,"column":null}},"75":{"start":{"line":197,"column":16},"end":{"line":197,"column":null}},"76":{"start":{"line":202,"column":24},"end":{"line":210,"column":null}},"77":{"start":{"line":203,"column":8},"end":{"line":209,"column":null}},"78":{"start":{"line":204,"column":25},"end":{"line":204,"column":null}},"79":{"start":{"line":205,"column":26},"end":{"line":205,"column":null}},"80":{"start":{"line":206,"column":29},"end":{"line":206,"column":null}},"81":{"start":{"line":207,"column":26},"end":{"line":207,"column":null}},"82":{"start":{"line":208,"column":21},"end":{"line":208,"column":null}},"83":{"start":{"line":212,"column":24},"end":{"line":319,"column":null}},"84":{"start":{"line":214,"column":8},"end":{"line":256,"column":null}},"85":{"start":{"line":215,"column":12},"end":{"line":254,"column":null}},"86":{"start":{"line":223,"column":43},"end":{"line":223,"column":null}},"87":{"start":{"line":233,"column":39},"end":{"line":233,"column":null}},"88":{"start":{"line":259,"column":8},"end":{"line":305,"column":null}},"89":{"start":{"line":260,"column":12},"end":{"line":303,"column":null}},"90":{"start":{"line":272,"column":39},"end":{"line":272,"column":null}},"91":{"start":{"line":292,"column":28},"end":{"line":295,"column":null}},"92":{"start":{"line":308,"column":8},"end":{"line":317,"column":null}},"93":{"start":{"line":315,"column":35},"end":{"line":315,"column":null}},"94":{"start":{"line":321,"column":4},"end":{"line":485,"column":null}},"95":{"start":{"line":411,"column":51},"end":{"line":411,"column":null}},"96":{"start":{"line":417,"column":51},"end":{"line":417,"column":null}},"97":{"start":{"line":427,"column":47},"end":{"line":427,"column":null}},"98":{"start":{"line":433,"column":47},"end":{"line":433,"column":null}},"99":{"start":{"line":453,"column":36},"end":{"line":453,"column":null}},"100":{"start":{"line":454,"column":36},"end":{"line":454,"column":null}},"101":{"start":{"line":489,"column":32},"end":{"line":1109,"column":null}},"102":{"start":{"line":491,"column":34},"end":{"line":491,"column":null}},"103":{"start":{"line":492,"column":26},"end":{"line":492,"column":null}},"104":{"start":{"line":493,"column":36},"end":{"line":493,"column":null}},"105":{"start":{"line":494,"column":30},"end":{"line":494,"column":null}},"106":{"start":{"line":496,"column":4},"end":{"line":512,"column":null}},"107":{"start":{"line":497,"column":25},"end":{"line":510,"column":null}},"108":{"start":{"line":498,"column":12},"end":{"line":509,"column":null}},"109":{"start":{"line":499,"column":52},"end":{"line":502,"column":null}},"110":{"start":{"line":503,"column":16},"end":{"line":503,"column":null}},"111":{"start":{"line":504,"column":16},"end":{"line":504,"column":null}},"112":{"start":{"line":506,"column":16},"end":{"line":506,"column":null}},"113":{"start":{"line":508,"column":16},"end":{"line":508,"column":null}},"114":{"start":{"line":511,"column":8},"end":{"line":511,"column":null}},"115":{"start":{"line":515,"column":42},"end":{"line":522,"column":null}},"116":{"start":{"line":525,"column":50},"end":{"line":525,"column":null}},"117":{"start":{"line":528,"column":36},"end":{"line":528,"column":null}},"118":{"start":{"line":529,"column":36},"end":{"line":529,"column":null}},"119":{"start":{"line":530,"column":10},"end":{"line":530,"column":null}},"120":{"start":{"line":531,"column":10},"end":{"line":531,"column":null}},"121":{"start":{"line":534,"column":40},"end":{"line":534,"column":null}},"122":{"start":{"line":535,"column":36},"end":{"line":535,"column":null}},"123":{"start":{"line":536,"column":38},"end":{"line":536,"column":null}},"124":{"start":{"line":537,"column":40},"end":{"line":537,"column":null}},"125":{"start":{"line":538,"column":52},"end":{"line":538,"column":null}},"126":{"start":{"line":541,"column":4},"end":{"line":550,"column":null}},"127":{"start":{"line":542,"column":31},"end":{"line":546,"column":null}},"128":{"start":{"line":543,"column":12},"end":{"line":545,"column":null}},"129":{"start":{"line":544,"column":16},"end":{"line":544,"column":null}},"130":{"start":{"line":544,"column":42},"end":{"line":544,"column":69}},"131":{"start":{"line":548,"column":8},"end":{"line":548,"column":null}},"132":{"start":{"line":549,"column":8},"end":{"line":549,"column":null}},"133":{"start":{"line":549,"column":21},"end":{"line":549,"column":null}},"134":{"start":{"line":552,"column":31},"end":{"line":557,"column":null}},"135":{"start":{"line":554,"column":8},"end":{"line":556,"column":null}},"136":{"start":{"line":555,"column":12},"end":{"line":555,"column":null}},"137":{"start":{"line":559,"column":29},"end":{"line":568,"column":null}},"138":{"start":{"line":561,"column":8},"end":{"line":564,"column":null}},"139":{"start":{"line":562,"column":30},"end":{"line":562,"column":null}},"140":{"start":{"line":563,"column":12},"end":{"line":563,"column":null}},"141":{"start":{"line":563,"column":31},"end":{"line":563,"column":null}},"142":{"start":{"line":566,"column":8},"end":{"line":566,"column":null}},"143":{"start":{"line":567,"column":8},"end":{"line":567,"column":null}},"144":{"start":{"line":570,"column":28},"end":{"line":581,"column":null}},"145":{"start":{"line":571,"column":8},"end":{"line":571,"column":null}},"146":{"start":{"line":571,"column":25},"end":{"line":571,"column":null}},"147":{"start":{"line":572,"column":25},"end":{"line":572,"column":null}},"148":{"start":{"line":573,"column":21},"end":{"line":573,"column":null}},"149":{"start":{"line":576,"column":8},"end":{"line":580,"column":null}},"150":{"start":{"line":577,"column":12},"end":{"line":577,"column":null}},"151":{"start":{"line":579,"column":12},"end":{"line":579,"column":null}},"152":{"start":{"line":579,"column":30},"end":{"line":579,"column":null}},"153":{"start":{"line":583,"column":27},"end":{"line":590,"column":null}},"154":{"start":{"line":584,"column":8},"end":{"line":584,"column":null}},"155":{"start":{"line":585,"column":8},"end":{"line":589,"column":null}},"156":{"start":{"line":586,"column":12},"end":{"line":586,"column":null}},"157":{"start":{"line":588,"column":12},"end":{"line":588,"column":null}},"158":{"start":{"line":592,"column":30},"end":{"line":620,"column":null}},"159":{"start":{"line":593,"column":21},"end":{"line":593,"column":null}},"160":{"start":{"line":593,"column":37},"end":{"line":593,"column":48}},"161":{"start":{"line":594,"column":29},"end":{"line":594,"column":null}},"162":{"start":{"line":596,"column":27},"end":{"line":596,"column":null}},"163":{"start":{"line":597,"column":27},"end":{"line":597,"column":null}},"164":{"start":{"line":599,"column":14},"end":{"line":599,"column":null}},"165":{"start":{"line":600,"column":31},"end":{"line":600,"column":null}},"166":{"start":{"line":602,"column":8},"end":{"line":602,"column":null}},"167":{"start":{"line":603,"column":8},"end":{"line":603,"column":null}},"168":{"start":{"line":604,"column":8},"end":{"line":604,"column":null}},"169":{"start":{"line":606,"column":8},"end":{"line":606,"column":null}},"170":{"start":{"line":608,"column":8},"end":{"line":608,"column":null}},"171":{"start":{"line":609,"column":8},"end":{"line":609,"column":null}},"172":{"start":{"line":611,"column":8},"end":{"line":619,"column":null}},"173":{"start":{"line":612,"column":12},"end":{"line":612,"column":null}},"174":{"start":{"line":613,"column":12},"end":{"line":613,"column":null}},"175":{"start":{"line":614,"column":12},"end":{"line":614,"column":null}},"176":{"start":{"line":616,"column":12},"end":{"line":616,"column":null}},"177":{"start":{"line":617,"column":12},"end":{"line":617,"column":null}},"178":{"start":{"line":618,"column":12},"end":{"line":618,"column":null}},"179":{"start":{"line":623,"column":4},"end":{"line":634,"column":null}},"180":{"start":{"line":624,"column":8},"end":{"line":633,"column":null}},"181":{"start":{"line":625,"column":24},"end":{"line":625,"column":null}},"182":{"start":{"line":626,"column":12},"end":{"line":632,"column":null}},"183":{"start":{"line":627,"column":34},"end":{"line":627,"column":null}},"184":{"start":{"line":628,"column":16},"end":{"line":630,"column":null}},"185":{"start":{"line":629,"column":20},"end":{"line":629,"column":null}},"186":{"start":{"line":631,"column":16},"end":{"line":631,"column":null}},"187":{"start":{"line":636,"column":24},"end":{"line":636,"column":null}},"188":{"start":{"line":636,"column":42},"end":{"line":636,"column":109}},"189":{"start":{"line":637,"column":27},"end":{"line":637,"column":null}},"190":{"start":{"line":637,"column":45},"end":{"line":637,"column":69}},"191":{"start":{"line":638,"column":25},"end":{"line":638,"column":null}},"192":{"start":{"line":638,"column":43},"end":{"line":638,"column":98}},"193":{"start":{"line":640,"column":25},"end":{"line":640,"column":null}},"194":{"start":{"line":642,"column":26},"end":{"line":644,"column":null}},"195":{"start":{"line":643,"column":8},"end":{"line":643,"column":null}},"196":{"start":{"line":643,"column":25},"end":{"line":643,"column":87}},"197":{"start":{"line":643,"column":39},"end":{"line":643,"column":86}},"198":{"start":{"line":647,"column":31},"end":{"line":675,"column":null}},"199":{"start":{"line":648,"column":8},"end":{"line":648,"column":null}},"200":{"start":{"line":648,"column":38},"end":{"line":648,"column":null}},"201":{"start":{"line":650,"column":27},"end":{"line":650,"column":null}},"202":{"start":{"line":651,"column":31},"end":{"line":651,"column":null}},"203":{"start":{"line":654,"column":8},"end":{"line":658,"column":null}},"204":{"start":{"line":655,"column":12},"end":{"line":655,"column":null}},"205":{"start":{"line":655,"column":52},"end":{"line":655,"column":64}},"206":{"start":{"line":657,"column":12},"end":{"line":657,"column":null}},"207":{"start":{"line":661,"column":32},"end":{"line":661,"column":null}},"208":{"start":{"line":662,"column":8},"end":{"line":662,"column":null}},"209":{"start":{"line":662,"column":31},"end":{"line":662,"column":72}},"210":{"start":{"line":665,"column":8},"end":{"line":672,"column":null}},"211":{"start":{"line":666,"column":12},"end":{"line":670,"column":null}},"212":{"start":{"line":667,"column":16},"end":{"line":667,"column":null}},"213":{"start":{"line":668,"column":12},"end":{"line":670,"column":null}},"214":{"start":{"line":669,"column":16},"end":{"line":669,"column":null}},"215":{"start":{"line":669,"column":40},"end":{"line":669,"column":54}},"216":{"start":{"line":671,"column":12},"end":{"line":671,"column":null}},"217":{"start":{"line":674,"column":8},"end":{"line":674,"column":null}},"218":{"start":{"line":674,"column":35},"end":{"line":674,"column":null}},"219":{"start":{"line":674,"column":61},"end":{"line":674,"column":88}},"220":{"start":{"line":677,"column":27},"end":{"line":755,"column":null}},"221":{"start":{"line":678,"column":8},"end":{"line":678,"column":null}},"222":{"start":{"line":678,"column":35},"end":{"line":678,"column":null}},"223":{"start":{"line":681,"column":8},"end":{"line":684,"column":null}},"224":{"start":{"line":682,"column":12},"end":{"line":682,"column":null}},"225":{"start":{"line":682,"column":38},"end":{"line":682,"column":110}},"226":{"start":{"line":683,"column":12},"end":{"line":683,"column":null}},"227":{"start":{"line":686,"column":8},"end":{"line":689,"column":null}},"228":{"start":{"line":687,"column":12},"end":{"line":687,"column":null}},"229":{"start":{"line":687,"column":38},"end":{"line":687,"column":154}},"230":{"start":{"line":688,"column":12},"end":{"line":688,"column":null}},"231":{"start":{"line":692,"column":8},"end":{"line":710,"column":null}},"232":{"start":{"line":693,"column":35},"end":{"line":696,"column":null}},"233":{"start":{"line":694,"column":33},"end":{"line":694,"column":null}},"234":{"start":{"line":695,"column":16},"end":{"line":695,"column":null}},"235":{"start":{"line":697,"column":38},"end":{"line":697,"column":null}},"236":{"start":{"line":700,"column":12},"end":{"line":709,"column":null}},"237":{"start":{"line":704,"column":16},"end":{"line":707,"column":null}},"238":{"start":{"line":704,"column":42},"end":{"line":707,"column":18}},"239":{"start":{"line":708,"column":16},"end":{"line":708,"column":null}},"240":{"start":{"line":713,"column":24},"end":{"line":713,"column":null}},"241":{"start":{"line":714,"column":8},"end":{"line":718,"column":null}},"242":{"start":{"line":715,"column":12},"end":{"line":715,"column":null}},"243":{"start":{"line":716,"column":8},"end":{"line":718,"column":null}},"244":{"start":{"line":717,"column":12},"end":{"line":717,"column":null}},"245":{"start":{"line":720,"column":28},"end":{"line":720,"column":null}},"246":{"start":{"line":720,"column":44},"end":{"line":720,"column":73}},"247":{"start":{"line":721,"column":36},"end":{"line":721,"column":null}},"248":{"start":{"line":723,"column":46},"end":{"line":728,"column":null}},"249":{"start":{"line":730,"column":31},"end":{"line":730,"column":null}},"250":{"start":{"line":733,"column":8},"end":{"line":736,"column":null}},"251":{"start":{"line":736,"column":24},"end":{"line":736,"column":68}},"252":{"start":{"line":738,"column":8},"end":{"line":742,"column":null}},"253":{"start":{"line":738,"column":25},"end":{"line":742,"column":14}},"254":{"start":{"line":738,"column":39},"end":{"line":742,"column":13}},"255":{"start":{"line":744,"column":8},"end":{"line":746,"column":null}},"256":{"start":{"line":745,"column":12},"end":{"line":745,"column":null}},"257":{"start":{"line":745,"column":29},"end":{"line":745,"column":68}},"258":{"start":{"line":749,"column":8},"end":{"line":749,"column":null}},"259":{"start":{"line":749,"column":34},"end":{"line":749,"column":61}},"260":{"start":{"line":752,"column":8},"end":{"line":754,"column":null}},"261":{"start":{"line":753,"column":12},"end":{"line":753,"column":null}},"262":{"start":{"line":757,"column":34},"end":{"line":764,"column":null}},"263":{"start":{"line":758,"column":28},"end":{"line":758,"column":null}},"264":{"start":{"line":759,"column":29},"end":{"line":759,"column":null}},"265":{"start":{"line":760,"column":31},"end":{"line":760,"column":null}},"266":{"start":{"line":761,"column":24},"end":{"line":761,"column":null}},"267":{"start":{"line":762,"column":20},"end":{"line":762,"column":null}},"268":{"start":{"line":763,"column":8},"end":{"line":763,"column":null}},"269":{"start":{"line":766,"column":33},"end":{"line":766,"column":null}},"270":{"start":{"line":769,"column":31},"end":{"line":769,"column":null}},"271":{"start":{"line":769,"column":61},"end":{"line":769,"column":87}},"272":{"start":{"line":771,"column":17},"end":{"line":775,"column":null}},"273":{"start":{"line":777,"column":26},"end":{"line":777,"column":null}},"274":{"start":{"line":777,"column":41},"end":{"line":777,"column":59}},"275":{"start":{"line":779,"column":4},"end":{"line":1107,"column":null}},"276":{"start":{"line":786,"column":41},"end":{"line":786,"column":null}},"277":{"start":{"line":787,"column":24},"end":{"line":803,"column":null}},"278":{"start":{"line":790,"column":47},"end":{"line":790,"column":null}},"279":{"start":{"line":828,"column":24},"end":{"line":834,"column":null}},"280":{"start":{"line":942,"column":69},"end":{"line":942,"column":null}},"281":{"start":{"line":943,"column":74},"end":{"line":943,"column":null}},"282":{"start":{"line":944,"column":52},"end":{"line":961,"column":null}},"283":{"start":{"line":947,"column":75},"end":{"line":947,"column":null}},"284":{"start":{"line":973,"column":62},"end":{"line":973,"column":null}},"285":{"start":{"line":974,"column":56},"end":{"line":987,"column":null}},"286":{"start":{"line":977,"column":79},"end":{"line":977,"column":null}},"287":{"start":{"line":999,"column":77},"end":{"line":999,"column":104}},"288":{"start":{"line":1000,"column":48},"end":{"line":1012,"column":null}},"289":{"start":{"line":1007,"column":60},"end":{"line":1009,"column":null}},"290":{"start":{"line":1076,"column":65},"end":{"line":1076,"column":null}},"291":{"start":{"line":1093,"column":59},"end":{"line":1093,"column":null}}},"fnMap":{"0":{"name":"(anonymous_0)","decl":{"start":{"line":22,"column":21},"end":{"line":22,"column":22}},"loc":{"start":{"line":23,"column":4},"end":{"line":32,"column":null}},"line":23},"1":{"name":"(anonymous_1)","decl":{"start":{"line":43,"column":22},"end":{"line":43,"column":23}},"loc":{"start":{"line":43,"column":62},"end":{"line":61,"column":null}},"line":43},"2":{"name":"(anonymous_2)","decl":{"start":{"line":64,"column":28},"end":{"line":64,"column":29}},"loc":{"start":{"line":64,"column":71},"end":{"line":72,"column":null}},"line":64},"3":{"name":"(anonymous_3)","decl":{"start":{"line":74,"column":30},"end":{"line":74,"column":31}},"loc":{"start":{"line":74,"column":56},"end":{"line":125,"column":null}},"line":74},"4":{"name":"(anonymous_4)","decl":{"start":{"line":83,"column":31},"end":{"line":83,"column":null}},"loc":{"start":{"line":84,"column":20},"end":{"line":86,"column":null}},"line":84},"5":{"name":"(anonymous_5)","decl":{"start":{"line":90,"column":50},"end":{"line":90,"column":51}},"loc":{"start":{"line":90,"column":66},"end":{"line":94,"column":24}},"line":90},"6":{"name":"(anonymous_6)","decl":{"start":{"line":134,"column":42},"end":{"line":134,"column":43}},"loc":{"start":{"line":134,"column":84},"end":{"line":487,"column":null}},"line":134},"7":{"name":"(anonymous_7)","decl":{"start":{"line":156,"column":22},"end":{"line":156,"column":23}},"loc":{"start":{"line":156,"column":48},"end":{"line":160,"column":null}},"line":156},"8":{"name":"(anonymous_8)","decl":{"start":{"line":159,"column":24},"end":{"line":159,"column":33}},"loc":{"start":{"line":159,"column":24},"end":{"line":159,"column":67}},"line":159},"9":{"name":"(anonymous_9)","decl":{"start":{"line":162,"column":22},"end":{"line":162,"column":23}},"loc":{"start":{"line":162,"column":48},"end":{"line":166,"column":null}},"line":162},"10":{"name":"(anonymous_10)","decl":{"start":{"line":165,"column":24},"end":{"line":165,"column":33}},"loc":{"start":{"line":165,"column":33},"end":{"line":165,"column":84}},"line":165},"11":{"name":"(anonymous_11)","decl":{"start":{"line":170,"column":25},"end":{"line":170,"column":26}},"loc":{"start":{"line":170,"column":50},"end":{"line":173,"column":null}},"line":170},"12":{"name":"(anonymous_12)","decl":{"start":{"line":174,"column":24},"end":{"line":174,"column":25}},"loc":{"start":{"line":174,"column":49},"end":{"line":174,"column":null}},"line":174},"13":{"name":"(anonymous_13)","decl":{"start":{"line":175,"column":23},"end":{"line":175,"column":29}},"loc":{"start":{"line":175,"column":29},"end":{"line":182,"column":null}},"line":175},"14":{"name":"(anonymous_14)","decl":{"start":{"line":185,"column":23},"end":{"line":185,"column":30}},"loc":{"start":{"line":185,"column":54},"end":{"line":200,"column":null}},"line":185},"15":{"name":"(anonymous_15)","decl":{"start":{"line":202,"column":24},"end":{"line":202,"column":30}},"loc":{"start":{"line":202,"column":30},"end":{"line":210,"column":null}},"line":202},"16":{"name":"(anonymous_16)","decl":{"start":{"line":212,"column":24},"end":{"line":212,"column":30}},"loc":{"start":{"line":212,"column":30},"end":{"line":319,"column":null}},"line":212},"17":{"name":"(anonymous_17)","decl":{"start":{"line":223,"column":36},"end":{"line":223,"column":37}},"loc":{"start":{"line":223,"column":43},"end":{"line":223,"column":null}},"line":223},"18":{"name":"(anonymous_18)","decl":{"start":{"line":233,"column":33},"end":{"line":233,"column":39}},"loc":{"start":{"line":233,"column":39},"end":{"line":233,"column":null}},"line":233},"19":{"name":"(anonymous_19)","decl":{"start":{"line":272,"column":32},"end":{"line":272,"column":33}},"loc":{"start":{"line":272,"column":39},"end":{"line":272,"column":null}},"line":272},"20":{"name":"(anonymous_20)","decl":{"start":{"line":291,"column":45},"end":{"line":291,"column":46}},"loc":{"start":{"line":292,"column":28},"end":{"line":295,"column":null}},"line":292},"21":{"name":"(anonymous_21)","decl":{"start":{"line":315,"column":28},"end":{"line":315,"column":29}},"loc":{"start":{"line":315,"column":35},"end":{"line":315,"column":null}},"line":315},"22":{"name":"(anonymous_22)","decl":{"start":{"line":411,"column":45},"end":{"line":411,"column":51}},"loc":{"start":{"line":411,"column":51},"end":{"line":411,"column":null}},"line":411},"23":{"name":"(anonymous_23)","decl":{"start":{"line":417,"column":45},"end":{"line":417,"column":51}},"loc":{"start":{"line":417,"column":51},"end":{"line":417,"column":null}},"line":417},"24":{"name":"(anonymous_24)","decl":{"start":{"line":427,"column":41},"end":{"line":427,"column":47}},"loc":{"start":{"line":427,"column":47},"end":{"line":427,"column":null}},"line":427},"25":{"name":"(anonymous_25)","decl":{"start":{"line":433,"column":41},"end":{"line":433,"column":47}},"loc":{"start":{"line":433,"column":47},"end":{"line":433,"column":null}},"line":433},"26":{"name":"(anonymous_26)","decl":{"start":{"line":452,"column":41},"end":{"line":452,"column":42}},"loc":{"start":{"line":452,"column":48},"end":{"line":455,"column":null}},"line":452},"27":{"name":"(anonymous_27)","decl":{"start":{"line":489,"column":32},"end":{"line":489,"column":38}},"loc":{"start":{"line":489,"column":38},"end":{"line":1109,"column":null}},"line":489},"28":{"name":"(anonymous_28)","decl":{"start":{"line":496,"column":14},"end":{"line":496,"column":20}},"loc":{"start":{"line":496,"column":20},"end":{"line":512,"column":7}},"line":496},"29":{"name":"(anonymous_29)","decl":{"start":{"line":497,"column":25},"end":{"line":497,"column":37}},"loc":{"start":{"line":497,"column":37},"end":{"line":510,"column":null}},"line":497},"30":{"name":"(anonymous_30)","decl":{"start":{"line":541,"column":14},"end":{"line":541,"column":20}},"loc":{"start":{"line":541,"column":20},"end":{"line":550,"column":7}},"line":541},"31":{"name":"(anonymous_31)","decl":{"start":{"line":542,"column":31},"end":{"line":542,"column":32}},"loc":{"start":{"line":542,"column":57},"end":{"line":546,"column":null}},"line":542},"32":{"name":"(anonymous_32)","decl":{"start":{"line":544,"column":33},"end":{"line":544,"column":42}},"loc":{"start":{"line":544,"column":42},"end":{"line":544,"column":69}},"line":544},"33":{"name":"(anonymous_33)","decl":{"start":{"line":549,"column":15},"end":{"line":549,"column":21}},"loc":{"start":{"line":549,"column":21},"end":{"line":549,"column":null}},"line":549},"34":{"name":"(anonymous_34)","decl":{"start":{"line":552,"column":31},"end":{"line":552,"column":37}},"loc":{"start":{"line":552,"column":37},"end":{"line":557,"column":null}},"line":552},"35":{"name":"(anonymous_35)","decl":{"start":{"line":559,"column":29},"end":{"line":559,"column":30}},"loc":{"start":{"line":559,"column":54},"end":{"line":568,"column":null}},"line":559},"36":{"name":"(anonymous_36)","decl":{"start":{"line":570,"column":28},"end":{"line":570,"column":29}},"loc":{"start":{"line":570,"column":53},"end":{"line":581,"column":null}},"line":570},"37":{"name":"(anonymous_37)","decl":{"start":{"line":583,"column":27},"end":{"line":583,"column":33}},"loc":{"start":{"line":583,"column":33},"end":{"line":590,"column":null}},"line":583},"38":{"name":"(anonymous_38)","decl":{"start":{"line":592,"column":30},"end":{"line":592,"column":31}},"loc":{"start":{"line":592,"column":71},"end":{"line":620,"column":null}},"line":592},"39":{"name":"(anonymous_39)","decl":{"start":{"line":593,"column":32},"end":{"line":593,"column":37}},"loc":{"start":{"line":593,"column":37},"end":{"line":593,"column":48}},"line":593},"40":{"name":"(anonymous_40)","decl":{"start":{"line":623,"column":14},"end":{"line":623,"column":20}},"loc":{"start":{"line":623,"column":20},"end":{"line":634,"column":7}},"line":623},"41":{"name":"(anonymous_41)","decl":{"start":{"line":624,"column":17},"end":{"line":624,"column":33}},"loc":{"start":{"line":624,"column":33},"end":{"line":633,"column":9}},"line":624},"42":{"name":"(anonymous_42)","decl":{"start":{"line":626,"column":36},"end":{"line":626,"column":44}},"loc":{"start":{"line":626,"column":44},"end":{"line":632,"column":13}},"line":626},"43":{"name":"(anonymous_43)","decl":{"start":{"line":636,"column":37},"end":{"line":636,"column":42}},"loc":{"start":{"line":636,"column":42},"end":{"line":636,"column":109}},"line":636},"44":{"name":"(anonymous_44)","decl":{"start":{"line":637,"column":40},"end":{"line":637,"column":45}},"loc":{"start":{"line":637,"column":45},"end":{"line":637,"column":69}},"line":637},"45":{"name":"(anonymous_45)","decl":{"start":{"line":638,"column":38},"end":{"line":638,"column":43}},"loc":{"start":{"line":638,"column":43},"end":{"line":638,"column":98}},"line":638},"46":{"name":"(anonymous_46)","decl":{"start":{"line":642,"column":26},"end":{"line":642,"column":27}},"loc":{"start":{"line":642,"column":42},"end":{"line":644,"column":null}},"line":642},"47":{"name":"(anonymous_47)","decl":{"start":{"line":643,"column":17},"end":{"line":643,"column":25}},"loc":{"start":{"line":643,"column":25},"end":{"line":643,"column":87}},"line":643},"48":{"name":"(anonymous_48)","decl":{"start":{"line":643,"column":34},"end":{"line":643,"column":39}},"loc":{"start":{"line":643,"column":39},"end":{"line":643,"column":86}},"line":643},"49":{"name":"(anonymous_49)","decl":{"start":{"line":647,"column":31},"end":{"line":647,"column":32}},"loc":{"start":{"line":647,"column":69},"end":{"line":675,"column":null}},"line":647},"50":{"name":"(anonymous_50)","decl":{"start":{"line":655,"column":47},"end":{"line":655,"column":52}},"loc":{"start":{"line":655,"column":52},"end":{"line":655,"column":64}},"line":655},"51":{"name":"(anonymous_51)","decl":{"start":{"line":662,"column":22},"end":{"line":662,"column":31}},"loc":{"start":{"line":662,"column":31},"end":{"line":662,"column":72}},"line":662},"52":{"name":"(anonymous_52)","decl":{"start":{"line":665,"column":24},"end":{"line":665,"column":32}},"loc":{"start":{"line":665,"column":32},"end":{"line":672,"column":9}},"line":665},"53":{"name":"(anonymous_53)","decl":{"start":{"line":669,"column":35},"end":{"line":669,"column":40}},"loc":{"start":{"line":669,"column":40},"end":{"line":669,"column":54}},"line":669},"54":{"name":"(anonymous_54)","decl":{"start":{"line":674,"column":52},"end":{"line":674,"column":61}},"loc":{"start":{"line":674,"column":61},"end":{"line":674,"column":88}},"line":674},"55":{"name":"(anonymous_55)","decl":{"start":{"line":677,"column":27},"end":{"line":677,"column":28}},"loc":{"start":{"line":677,"column":54},"end":{"line":755,"column":null}},"line":677},"56":{"name":"(anonymous_56)","decl":{"start":{"line":682,"column":29},"end":{"line":682,"column":38}},"loc":{"start":{"line":682,"column":38},"end":{"line":682,"column":110}},"line":682},"57":{"name":"(anonymous_57)","decl":{"start":{"line":687,"column":29},"end":{"line":687,"column":38}},"loc":{"start":{"line":687,"column":38},"end":{"line":687,"column":154}},"line":687},"58":{"name":"(anonymous_58)","decl":{"start":{"line":693,"column":55},"end":{"line":693,"column":62}},"loc":{"start":{"line":693,"column":62},"end":{"line":696,"column":13}},"line":693},"59":{"name":"(anonymous_59)","decl":{"start":{"line":704,"column":33},"end":{"line":704,"column":42}},"loc":{"start":{"line":704,"column":42},"end":{"line":707,"column":18}},"line":704},"60":{"name":"(anonymous_60)","decl":{"start":{"line":720,"column":39},"end":{"line":720,"column":44}},"loc":{"start":{"line":720,"column":44},"end":{"line":720,"column":73}},"line":720},"61":{"name":"(anonymous_61)","decl":{"start":{"line":736,"column":17},"end":{"line":736,"column":24}},"loc":{"start":{"line":736,"column":24},"end":{"line":736,"column":68}},"line":736},"62":{"name":"(anonymous_62)","decl":{"start":{"line":738,"column":17},"end":{"line":738,"column":25}},"loc":{"start":{"line":738,"column":25},"end":{"line":742,"column":14}},"line":738},"63":{"name":"(anonymous_63)","decl":{"start":{"line":738,"column":34},"end":{"line":738,"column":39}},"loc":{"start":{"line":738,"column":39},"end":{"line":742,"column":13}},"line":738},"64":{"name":"(anonymous_64)","decl":{"start":{"line":745,"column":23},"end":{"line":745,"column":29}},"loc":{"start":{"line":745,"column":29},"end":{"line":745,"column":68}},"line":745},"65":{"name":"(anonymous_65)","decl":{"start":{"line":749,"column":25},"end":{"line":749,"column":34}},"loc":{"start":{"line":749,"column":34},"end":{"line":749,"column":61}},"line":749},"66":{"name":"(anonymous_66)","decl":{"start":{"line":757,"column":34},"end":{"line":757,"column":40}},"loc":{"start":{"line":757,"column":40},"end":{"line":764,"column":null}},"line":757},"67":{"name":"(anonymous_67)","decl":{"start":{"line":769,"column":56},"end":{"line":769,"column":61}},"loc":{"start":{"line":769,"column":61},"end":{"line":769,"column":87}},"line":769},"68":{"name":"(anonymous_68)","decl":{"start":{"line":777,"column":36},"end":{"line":777,"column":41}},"loc":{"start":{"line":777,"column":41},"end":{"line":777,"column":59}},"line":777},"69":{"name":"(anonymous_69)","decl":{"start":{"line":785,"column":30},"end":{"line":785,"column":31}},"loc":{"start":{"line":785,"column":39},"end":{"line":805,"column":21}},"line":785},"70":{"name":"(anonymous_70)","decl":{"start":{"line":790,"column":41},"end":{"line":790,"column":47}},"loc":{"start":{"line":790,"column":47},"end":{"line":790,"column":null}},"line":790},"71":{"name":"(anonymous_71)","decl":{"start":{"line":827,"column":37},"end":{"line":827,"column":null}},"loc":{"start":{"line":828,"column":24},"end":{"line":834,"column":null}},"line":828},"72":{"name":"(anonymous_72)","decl":{"start":{"line":941,"column":73},"end":{"line":941,"column":85}},"loc":{"start":{"line":941,"column":85},"end":{"line":963,"column":49}},"line":941},"73":{"name":"(anonymous_73)","decl":{"start":{"line":947,"column":69},"end":{"line":947,"column":75}},"loc":{"start":{"line":947,"column":75},"end":{"line":947,"column":null}},"line":947},"74":{"name":"(anonymous_74)","decl":{"start":{"line":972,"column":90},"end":{"line":972,"column":91}},"loc":{"start":{"line":972,"column":102},"end":{"line":989,"column":53}},"line":972},"75":{"name":"(anonymous_75)","decl":{"start":{"line":977,"column":73},"end":{"line":977,"column":79}},"loc":{"start":{"line":977,"column":79},"end":{"line":977,"column":null}},"line":977},"76":{"name":"(anonymous_76)","decl":{"start":{"line":999,"column":72},"end":{"line":999,"column":77}},"loc":{"start":{"line":999,"column":77},"end":{"line":999,"column":104}},"line":999},"77":{"name":"(anonymous_77)","decl":{"start":{"line":999,"column":110},"end":{"line":999,"column":null}},"loc":{"start":{"line":1000,"column":48},"end":{"line":1012,"column":null}},"line":1000},"78":{"name":"(anonymous_78)","decl":{"start":{"line":1006,"column":116},"end":{"line":1006,"column":null}},"loc":{"start":{"line":1007,"column":60},"end":{"line":1009,"column":null}},"line":1007},"79":{"name":"(anonymous_79)","decl":{"start":{"line":1076,"column":58},"end":{"line":1076,"column":59}},"loc":{"start":{"line":1076,"column":65},"end":{"line":1076,"column":null}},"line":1076},"80":{"name":"(anonymous_80)","decl":{"start":{"line":1093,"column":53},"end":{"line":1093,"column":59}},"loc":{"start":{"line":1093,"column":59},"end":{"line":1093,"column":null}},"line":1093}},"branchMap":{"0":{"loc":{"start":{"line":22,"column":24},"end":{"line":22,"column":35}},"type":"default-arg","locations":[{"start":{"line":22,"column":31},"end":{"line":22,"column":35}}],"line":22},"1":{"loc":{"start":{"line":22,"column":35},"end":{"line":22,"column":50}},"type":"default-arg","locations":[{"start":{"line":22,"column":47},"end":{"line":22,"column":50}}],"line":22},"2":{"loc":{"start":{"line":44,"column":4},"end":{"line":44,"column":null}},"type":"if","locations":[{"start":{"line":44,"column":4},"end":{"line":44,"column":null}},{"start":{},"end":{}}],"line":44},"3":{"loc":{"start":{"line":48,"column":8},"end":{"line":55,"column":null}},"type":"if","locations":[{"start":{"line":48,"column":8},"end":{"line":55,"column":null}},{"start":{},"end":{}}],"line":48},"4":{"loc":{"start":{"line":48,"column":12},"end":{"line":48,"column":80}},"type":"binary-expr","locations":[{"start":{"line":48,"column":12},"end":{"line":48,"column":22}},{"start":{"line":48,"column":22},"end":{"line":48,"column":52}},{"start":{"line":48,"column":52},"end":{"line":48,"column":80}}],"line":48},"5":{"loc":{"start":{"line":50,"column":22},"end":{"line":50,"column":null}},"type":"binary-expr","locations":[{"start":{"line":50,"column":22},"end":{"line":50,"column":37}},{"start":{"line":50,"column":37},"end":{"line":50,"column":null}}],"line":50},"6":{"loc":{"start":{"line":51,"column":25},"end":{"line":51,"column":null}},"type":"binary-expr","locations":[{"start":{"line":51,"column":25},"end":{"line":51,"column":43}},{"start":{"line":51,"column":43},"end":{"line":51,"column":null}}],"line":51},"7":{"loc":{"start":{"line":52,"column":22},"end":{"line":52,"column":null}},"type":"binary-expr","locations":[{"start":{"line":52,"column":22},"end":{"line":52,"column":37}},{"start":{"line":52,"column":37},"end":{"line":52,"column":null}}],"line":52},"8":{"loc":{"start":{"line":53,"column":28},"end":{"line":53,"column":null}},"type":"binary-expr","locations":[{"start":{"line":53,"column":28},"end":{"line":53,"column":49}},{"start":{"line":53,"column":49},"end":{"line":53,"column":null}}],"line":53},"9":{"loc":{"start":{"line":66,"column":18},"end":{"line":66,"column":null}},"type":"cond-expr","locations":[{"start":{"line":66,"column":29},"end":{"line":66,"column":68}},{"start":{"line":66,"column":68},"end":{"line":66,"column":null}}],"line":66},"10":{"loc":{"start":{"line":68,"column":18},"end":{"line":68,"column":null}},"type":"binary-expr","locations":[{"start":{"line":68,"column":18},"end":{"line":68,"column":30}},{"start":{"line":68,"column":30},"end":{"line":68,"column":null}}],"line":68},"11":{"loc":{"start":{"line":69,"column":16},"end":{"line":69,"column":null}},"type":"cond-expr","locations":[{"start":{"line":69,"column":35},"end":{"line":69,"column":46}},{"start":{"line":69,"column":46},"end":{"line":69,"column":null}}],"line":69},"12":{"loc":{"start":{"line":70,"column":20},"end":{"line":70,"column":null}},"type":"binary-expr","locations":[{"start":{"line":70,"column":20},"end":{"line":70,"column":34}},{"start":{"line":70,"column":34},"end":{"line":70,"column":null}}],"line":70},"13":{"loc":{"start":{"line":76,"column":4},"end":{"line":76,"column":null}},"type":"if","locations":[{"start":{"line":76,"column":4},"end":{"line":76,"column":null}},{"start":{},"end":{}}],"line":76},"14":{"loc":{"start":{"line":76,"column":8},"end":{"line":76,"column":61}},"type":"binary-expr","locations":[{"start":{"line":76,"column":8},"end":{"line":76,"column":29}},{"start":{"line":76,"column":29},"end":{"line":76,"column":43}},{"start":{"line":76,"column":43},"end":{"line":76,"column":61}}],"line":76},"15":{"loc":{"start":{"line":90,"column":66},"end":{"line":94,"column":24}},"type":"cond-expr","locations":[{"start":{"line":91,"column":20},"end":{"line":93,"column":null}},{"start":{"line":94,"column":20},"end":{"line":94,"column":24}}],"line":90},"16":{"loc":{"start":{"line":97,"column":17},"end":{"line":101,"column":null}},"type":"binary-expr","locations":[{"start":{"line":97,"column":17},"end":{"line":97,"column":null}},{"start":{"line":98,"column":20},"end":{"line":101,"column":null}}],"line":97},"17":{"loc":{"start":{"line":105,"column":17},"end":{"line":112,"column":null}},"type":"binary-expr","locations":[{"start":{"line":105,"column":17},"end":{"line":105,"column":null}},{"start":{"line":106,"column":20},"end":{"line":112,"column":null}}],"line":105},"18":{"loc":{"start":{"line":116,"column":17},"end":{"line":120,"column":null}},"type":"binary-expr","locations":[{"start":{"line":116,"column":17},"end":{"line":116,"column":null}},{"start":{"line":117,"column":20},"end":{"line":120,"column":null}}],"line":116},"19":{"loc":{"start":{"line":146,"column":4},"end":{"line":148,"column":null}},"type":"if","locations":[{"start":{"line":146,"column":4},"end":{"line":148,"column":null}},{"start":{},"end":{}}],"line":146},"20":{"loc":{"start":{"line":151,"column":23},"end":{"line":151,"column":null}},"type":"binary-expr","locations":[{"start":{"line":151,"column":23},"end":{"line":151,"column":48}},{"start":{"line":151,"column":48},"end":{"line":151,"column":null}}],"line":151},"21":{"loc":{"start":{"line":152,"column":27},"end":{"line":152,"column":null}},"type":"binary-expr","locations":[{"start":{"line":152,"column":27},"end":{"line":152,"column":52}},{"start":{"line":152,"column":52},"end":{"line":152,"column":76}},{"start":{"line":152,"column":76},"end":{"line":152,"column":null}}],"line":152},"22":{"loc":{"start":{"line":153,"column":23},"end":{"line":153,"column":null}},"type":"binary-expr","locations":[{"start":{"line":153,"column":23},"end":{"line":153,"column":51}},{"start":{"line":153,"column":51},"end":{"line":153,"column":69}},{"start":{"line":153,"column":69},"end":{"line":153,"column":null}}],"line":153},"23":{"loc":{"start":{"line":158,"column":8},"end":{"line":158,"column":null}},"type":"if","locations":[{"start":{"line":158,"column":8},"end":{"line":158,"column":null}},{"start":{},"end":{}}],"line":158},"24":{"loc":{"start":{"line":164,"column":8},"end":{"line":164,"column":null}},"type":"if","locations":[{"start":{"line":164,"column":8},"end":{"line":164,"column":null}},{"start":{},"end":{}}],"line":164},"25":{"loc":{"start":{"line":165,"column":33},"end":{"line":165,"column":84}},"type":"cond-expr","locations":[{"start":{"line":165,"column":46},"end":{"line":165,"column":75}},{"start":{"line":165,"column":75},"end":{"line":165,"column":84}}],"line":165},"26":{"loc":{"start":{"line":176,"column":8},"end":{"line":176,"column":null}},"type":"if","locations":[{"start":{"line":176,"column":8},"end":{"line":176,"column":null}},{"start":{},"end":{}}],"line":176},"27":{"loc":{"start":{"line":176,"column":12},"end":{"line":176,"column":38}},"type":"binary-expr","locations":[{"start":{"line":176,"column":12},"end":{"line":176,"column":27}},{"start":{"line":176,"column":27},"end":{"line":176,"column":38}}],"line":176},"28":{"loc":{"start":{"line":180,"column":8},"end":{"line":180,"column":null}},"type":"if","locations":[{"start":{"line":180,"column":8},"end":{"line":180,"column":null}},{"start":{},"end":{}}],"line":180},"29":{"loc":{"start":{"line":181,"column":8},"end":{"line":181,"column":null}},"type":"if","locations":[{"start":{"line":181,"column":8},"end":{"line":181,"column":null}},{"start":{},"end":{}}],"line":181},"30":{"loc":{"start":{"line":187,"column":8},"end":{"line":187,"column":null}},"type":"if","locations":[{"start":{"line":187,"column":8},"end":{"line":187,"column":null}},{"start":{},"end":{}}],"line":187},"31":{"loc":{"start":{"line":189,"column":8},"end":{"line":199,"column":null}},"type":"if","locations":[{"start":{"line":189,"column":8},"end":{"line":199,"column":null}},{"start":{"line":192,"column":15},"end":{"line":199,"column":null}}],"line":189},"32":{"loc":{"start":{"line":203,"column":8},"end":{"line":209,"column":null}},"type":"switch","locations":[{"start":{"line":204,"column":12},"end":{"line":204,"column":null}},{"start":{"line":205,"column":12},"end":{"line":205,"column":null}},{"start":{"line":206,"column":12},"end":{"line":206,"column":null}},{"start":{"line":207,"column":12},"end":{"line":207,"column":null}},{"start":{"line":208,"column":12},"end":{"line":208,"column":null}}],"line":203},"33":{"loc":{"start":{"line":214,"column":8},"end":{"line":256,"column":null}},"type":"if","locations":[{"start":{"line":214,"column":8},"end":{"line":256,"column":null}},{"start":{},"end":{}}],"line":214},"34":{"loc":{"start":{"line":216,"column":51},"end":{"line":216,"column":87}},"type":"cond-expr","locations":[{"start":{"line":216,"column":64},"end":{"line":216,"column":81}},{"start":{"line":216,"column":81},"end":{"line":216,"column":87}}],"line":216},"35":{"loc":{"start":{"line":217,"column":21},"end":{"line":224,"column":null}},"type":"binary-expr","locations":[{"start":{"line":217,"column":21},"end":{"line":217,"column":null}},{"start":{"line":218,"column":24},"end":{"line":224,"column":null}}],"line":217},"36":{"loc":{"start":{"line":221,"column":83},"end":{"line":221,"column":135}},"type":"cond-expr","locations":[{"start":{"line":221,"column":119},"end":{"line":221,"column":133}},{"start":{"line":221,"column":133},"end":{"line":221,"column":135}}],"line":221},"37":{"loc":{"start":{"line":230,"column":82},"end":{"line":230,"column":142}},"type":"cond-expr","locations":[{"start":{"line":230,"column":95},"end":{"line":230,"column":129}},{"start":{"line":230,"column":129},"end":{"line":230,"column":142}}],"line":230},"38":{"loc":{"start":{"line":242,"column":165},"end":{"line":242,"column":222}},"type":"cond-expr","locations":[{"start":{"line":242,"column":177},"end":{"line":242,"column":209}},{"start":{"line":242,"column":209},"end":{"line":242,"column":222}}],"line":242},"39":{"loc":{"start":{"line":243,"column":29},"end":{"line":243,"column":null}},"type":"cond-expr","locations":[{"start":{"line":243,"column":41},"end":{"line":243,"column":97}},{"start":{"line":243,"column":97},"end":{"line":243,"column":null}}],"line":243},"40":{"loc":{"start":{"line":248,"column":21},"end":{"line":252,"column":null}},"type":"binary-expr","locations":[{"start":{"line":248,"column":21},"end":{"line":248,"column":null}},{"start":{"line":249,"column":24},"end":{"line":252,"column":null}}],"line":248},"41":{"loc":{"start":{"line":259,"column":8},"end":{"line":305,"column":null}},"type":"if","locations":[{"start":{"line":259,"column":8},"end":{"line":305,"column":null}},{"start":{},"end":{}}],"line":259},"42":{"loc":{"start":{"line":262,"column":50},"end":{"line":262,"column":86}},"type":"cond-expr","locations":[{"start":{"line":262,"column":63},"end":{"line":262,"column":80}},{"start":{"line":262,"column":80},"end":{"line":262,"column":86}}],"line":262},"43":{"loc":{"start":{"line":270,"column":111},"end":{"line":270,"column":163}},"type":"cond-expr","locations":[{"start":{"line":270,"column":147},"end":{"line":270,"column":161}},{"start":{"line":270,"column":161},"end":{"line":270,"column":163}}],"line":270},"44":{"loc":{"start":{"line":294,"column":96},"end":{"line":294,"column":149}},"type":"cond-expr","locations":[{"start":{"line":294,"column":119},"end":{"line":294,"column":136}},{"start":{"line":294,"column":136},"end":{"line":294,"column":149}}],"line":294},"45":{"loc":{"start":{"line":309,"column":47},"end":{"line":309,"column":83}},"type":"cond-expr","locations":[{"start":{"line":309,"column":60},"end":{"line":309,"column":77}},{"start":{"line":309,"column":77},"end":{"line":309,"column":83}}],"line":309},"46":{"loc":{"start":{"line":313,"column":75},"end":{"line":313,"column":127}},"type":"cond-expr","locations":[{"start":{"line":313,"column":111},"end":{"line":313,"column":125}},{"start":{"line":313,"column":125},"end":{"line":313,"column":127}}],"line":313},"47":{"loc":{"start":{"line":322,"column":143},"end":{"line":322,"column":227}},"type":"cond-expr","locations":[{"start":{"line":322,"column":179},"end":{"line":322,"column":209}},{"start":{"line":322,"column":209},"end":{"line":322,"column":227}}],"line":322},"48":{"loc":{"start":{"line":337,"column":17},"end":{"line":344,"column":null}},"type":"binary-expr","locations":[{"start":{"line":337,"column":17},"end":{"line":337,"column":null}},{"start":{"line":338,"column":20},"end":{"line":344,"column":null}}],"line":337},"49":{"loc":{"start":{"line":338,"column":176},"end":{"line":338,"column":224}},"type":"cond-expr","locations":[{"start":{"line":338,"column":187},"end":{"line":338,"column":207}},{"start":{"line":338,"column":207},"end":{"line":338,"column":224}}],"line":338},"50":{"loc":{"start":{"line":339,"column":25},"end":{"line":342,"column":null}},"type":"cond-expr","locations":[{"start":{"line":340,"column":28},"end":{"line":340,"column":null}},{"start":{"line":342,"column":28},"end":{"line":342,"column":null}}],"line":339},"51":{"loc":{"start":{"line":348,"column":17},"end":{"line":351,"column":null}},"type":"binary-expr","locations":[{"start":{"line":348,"column":17},"end":{"line":348,"column":56}},{"start":{"line":348,"column":56},"end":{"line":348,"column":null}},{"start":{"line":349,"column":20},"end":{"line":351,"column":null}}],"line":348},"52":{"loc":{"start":{"line":355,"column":17},"end":{"line":358,"column":null}},"type":"binary-expr","locations":[{"start":{"line":355,"column":17},"end":{"line":355,"column":null}},{"start":{"line":356,"column":20},"end":{"line":358,"column":null}}],"line":355},"53":{"loc":{"start":{"line":365,"column":106},"end":{"line":365,"column":175}},"type":"cond-expr","locations":[{"start":{"line":365,"column":142},"end":{"line":365,"column":159}},{"start":{"line":365,"column":159},"end":{"line":365,"column":175}}],"line":365},"54":{"loc":{"start":{"line":366,"column":58},"end":{"line":366,"column":128}},"type":"cond-expr","locations":[{"start":{"line":366,"column":94},"end":{"line":366,"column":111}},{"start":{"line":366,"column":111},"end":{"line":366,"column":128}}],"line":366},"55":{"loc":{"start":{"line":368,"column":38},"end":{"line":368,"column":86}},"type":"binary-expr","locations":[{"start":{"line":368,"column":38},"end":{"line":368,"column":59}},{"start":{"line":368,"column":59},"end":{"line":368,"column":76}},{"start":{"line":368,"column":76},"end":{"line":368,"column":86}}],"line":368},"56":{"loc":{"start":{"line":370,"column":38},"end":{"line":370,"column":86}},"type":"binary-expr","locations":[{"start":{"line":370,"column":38},"end":{"line":370,"column":59}},{"start":{"line":370,"column":59},"end":{"line":370,"column":76}},{"start":{"line":370,"column":76},"end":{"line":370,"column":86}}],"line":370},"57":{"loc":{"start":{"line":381,"column":17},"end":{"line":397,"column":null}},"type":"binary-expr","locations":[{"start":{"line":381,"column":17},"end":{"line":381,"column":35}},{"start":{"line":381,"column":35},"end":{"line":381,"column":55}},{"start":{"line":381,"column":55},"end":{"line":381,"column":78}},{"start":{"line":381,"column":78},"end":{"line":381,"column":null}},{"start":{"line":382,"column":20},"end":{"line":397,"column":null}}],"line":381},"58":{"loc":{"start":{"line":382,"column":85},"end":{"line":384,"column":null}},"type":"cond-expr","locations":[{"start":{"line":382,"column":121},"end":{"line":382,"column":null}},{"start":{"line":383,"column":24},"end":{"line":384,"column":null}}],"line":382},"59":{"loc":{"start":{"line":383,"column":24},"end":{"line":384,"column":null}},"type":"cond-expr","locations":[{"start":{"line":383,"column":46},"end":{"line":383,"column":null}},{"start":{"line":384,"column":28},"end":{"line":384,"column":null}}],"line":383},"60":{"loc":{"start":{"line":386,"column":79},"end":{"line":388,"column":null}},"type":"cond-expr","locations":[{"start":{"line":386,"column":115},"end":{"line":386,"column":null}},{"start":{"line":387,"column":28},"end":{"line":388,"column":null}}],"line":386},"61":{"loc":{"start":{"line":387,"column":28},"end":{"line":388,"column":null}},"type":"cond-expr","locations":[{"start":{"line":387,"column":50},"end":{"line":387,"column":null}},{"start":{"line":388,"column":32},"end":{"line":388,"column":null}}],"line":387},"62":{"loc":{"start":{"line":391,"column":77},"end":{"line":393,"column":null}},"type":"cond-expr","locations":[{"start":{"line":391,"column":113},"end":{"line":391,"column":null}},{"start":{"line":392,"column":32},"end":{"line":393,"column":null}}],"line":391},"63":{"loc":{"start":{"line":392,"column":32},"end":{"line":393,"column":null}},"type":"cond-expr","locations":[{"start":{"line":392,"column":54},"end":{"line":392,"column":null}},{"start":{"line":393,"column":36},"end":{"line":393,"column":null}}],"line":392},"64":{"loc":{"start":{"line":401,"column":17},"end":{"line":438,"column":null}},"type":"binary-expr","locations":[{"start":{"line":401,"column":17},"end":{"line":401,"column":null}},{"start":{"line":402,"column":20},"end":{"line":438,"column":null}}],"line":401},"65":{"loc":{"start":{"line":402,"column":20},"end":{"line":438,"column":null}},"type":"cond-expr","locations":[{"start":{"line":403,"column":24},"end":{"line":423,"column":null}},{"start":{"line":425,"column":24},"end":{"line":438,"column":null}}],"line":402},"66":{"loc":{"start":{"line":443,"column":17},"end":{"line":461,"column":null}},"type":"binary-expr","locations":[{"start":{"line":443,"column":17},"end":{"line":443,"column":null}},{"start":{"line":444,"column":20},"end":{"line":461,"column":null}}],"line":443},"67":{"loc":{"start":{"line":445,"column":25},"end":{"line":459,"column":null}},"type":"cond-expr","locations":[{"start":{"line":446,"column":28},"end":{"line":449,"column":null}},{"start":{"line":451,"column":28},"end":{"line":459,"column":null}}],"line":445},"68":{"loc":{"start":{"line":465,"column":17},"end":{"line":482,"column":null}},"type":"binary-expr","locations":[{"start":{"line":465,"column":17},"end":{"line":465,"column":null}},{"start":{"line":466,"column":20},"end":{"line":482,"column":null}}],"line":465},"69":{"loc":{"start":{"line":467,"column":25},"end":{"line":480,"column":null}},"type":"cond-expr","locations":[{"start":{"line":468,"column":28},"end":{"line":470,"column":null}},{"start":{"line":472,"column":28},"end":{"line":480,"column":null}}],"line":467},"70":{"loc":{"start":{"line":474,"column":82},"end":{"line":474,"column":105}},"type":"binary-expr","locations":[{"start":{"line":474,"column":82},"end":{"line":474,"column":103}},{"start":{"line":474,"column":103},"end":{"line":474,"column":105}}],"line":474},"71":{"loc":{"start":{"line":475,"column":82},"end":{"line":475,"column":108}},"type":"binary-expr","locations":[{"start":{"line":475,"column":82},"end":{"line":475,"column":106}},{"start":{"line":475,"column":106},"end":{"line":475,"column":108}}],"line":475},"72":{"loc":{"start":{"line":543,"column":12},"end":{"line":545,"column":null}},"type":"if","locations":[{"start":{"line":543,"column":12},"end":{"line":545,"column":null}},{"start":{},"end":{}}],"line":543},"73":{"loc":{"start":{"line":554,"column":8},"end":{"line":556,"column":null}},"type":"if","locations":[{"start":{"line":554,"column":8},"end":{"line":556,"column":null}},{"start":{},"end":{}}],"line":554},"74":{"loc":{"start":{"line":561,"column":8},"end":{"line":564,"column":null}},"type":"if","locations":[{"start":{"line":561,"column":8},"end":{"line":564,"column":null}},{"start":{},"end":{}}],"line":561},"75":{"loc":{"start":{"line":563,"column":12},"end":{"line":563,"column":null}},"type":"if","locations":[{"start":{"line":563,"column":12},"end":{"line":563,"column":null}},{"start":{},"end":{}}],"line":563},"76":{"loc":{"start":{"line":571,"column":8},"end":{"line":571,"column":null}},"type":"if","locations":[{"start":{"line":571,"column":8},"end":{"line":571,"column":null}},{"start":{},"end":{}}],"line":571},"77":{"loc":{"start":{"line":576,"column":8},"end":{"line":580,"column":null}},"type":"if","locations":[{"start":{"line":576,"column":8},"end":{"line":580,"column":null}},{"start":{},"end":{}}],"line":576},"78":{"loc":{"start":{"line":579,"column":12},"end":{"line":579,"column":null}},"type":"if","locations":[{"start":{"line":579,"column":12},"end":{"line":579,"column":null}},{"start":{},"end":{}}],"line":579},"79":{"loc":{"start":{"line":585,"column":8},"end":{"line":589,"column":null}},"type":"if","locations":[{"start":{"line":585,"column":8},"end":{"line":589,"column":null}},{"start":{"line":587,"column":15},"end":{"line":589,"column":null}}],"line":585},"80":{"loc":{"start":{"line":599,"column":29},"end":{"line":599,"column":76}},"type":"binary-expr","locations":[{"start":{"line":599,"column":29},"end":{"line":599,"column":72}},{"start":{"line":599,"column":72},"end":{"line":599,"column":76}}],"line":599},"81":{"loc":{"start":{"line":600,"column":31},"end":{"line":600,"column":null}},"type":"binary-expr","locations":[{"start":{"line":600,"column":31},"end":{"line":600,"column":45}},{"start":{"line":600,"column":45},"end":{"line":600,"column":null}}],"line":600},"82":{"loc":{"start":{"line":611,"column":8},"end":{"line":619,"column":null}},"type":"if","locations":[{"start":{"line":611,"column":8},"end":{"line":619,"column":null}},{"start":{"line":615,"column":15},"end":{"line":619,"column":null}}],"line":611},"83":{"loc":{"start":{"line":613,"column":34},"end":{"line":613,"column":63}},"type":"binary-expr","locations":[{"start":{"line":613,"column":34},"end":{"line":613,"column":61}},{"start":{"line":613,"column":61},"end":{"line":613,"column":63}}],"line":613},"84":{"loc":{"start":{"line":627,"column":34},"end":{"line":627,"column":null}},"type":"binary-expr","locations":[{"start":{"line":627,"column":34},"end":{"line":627,"column":72}},{"start":{"line":627,"column":72},"end":{"line":627,"column":null}}],"line":627},"85":{"loc":{"start":{"line":628,"column":16},"end":{"line":630,"column":null}},"type":"if","locations":[{"start":{"line":628,"column":16},"end":{"line":630,"column":null}},{"start":{},"end":{}}],"line":628},"86":{"loc":{"start":{"line":628,"column":20},"end":{"line":628,"column":99}},"type":"binary-expr","locations":[{"start":{"line":628,"column":20},"end":{"line":628,"column":33}},{"start":{"line":628,"column":33},"end":{"line":628,"column":54}},{"start":{"line":628,"column":54},"end":{"line":628,"column":99}}],"line":628},"87":{"loc":{"start":{"line":636,"column":42},"end":{"line":636,"column":109}},"type":"binary-expr","locations":[{"start":{"line":636,"column":42},"end":{"line":636,"column":77}},{"start":{"line":636,"column":77},"end":{"line":636,"column":109}}],"line":636},"88":{"loc":{"start":{"line":638,"column":43},"end":{"line":638,"column":98}},"type":"binary-expr","locations":[{"start":{"line":638,"column":43},"end":{"line":638,"column":68}},{"start":{"line":638,"column":68},"end":{"line":638,"column":98}}],"line":638},"89":{"loc":{"start":{"line":640,"column":25},"end":{"line":640,"column":null}},"type":"cond-expr","locations":[{"start":{"line":640,"column":50},"end":{"line":640,"column":64}},{"start":{"line":640,"column":64},"end":{"line":640,"column":null}}],"line":640},"90":{"loc":{"start":{"line":640,"column":64},"end":{"line":640,"column":null}},"type":"cond-expr","locations":[{"start":{"line":640,"column":92},"end":{"line":640,"column":109}},{"start":{"line":640,"column":109},"end":{"line":640,"column":null}}],"line":640},"91":{"loc":{"start":{"line":643,"column":39},"end":{"line":643,"column":86}},"type":"cond-expr","locations":[{"start":{"line":643,"column":53},"end":{"line":643,"column":85}},{"start":{"line":643,"column":85},"end":{"line":643,"column":86}}],"line":643},"92":{"loc":{"start":{"line":648,"column":8},"end":{"line":648,"column":null}},"type":"if","locations":[{"start":{"line":648,"column":8},"end":{"line":648,"column":null}},{"start":{},"end":{}}],"line":648},"93":{"loc":{"start":{"line":650,"column":27},"end":{"line":650,"column":null}},"type":"binary-expr","locations":[{"start":{"line":650,"column":27},"end":{"line":650,"column":51}},{"start":{"line":650,"column":51},"end":{"line":650,"column":null}}],"line":650},"94":{"loc":{"start":{"line":651,"column":31},"end":{"line":651,"column":null}},"type":"cond-expr","locations":[{"start":{"line":651,"column":44},"end":{"line":651,"column":85}},{"start":{"line":651,"column":85},"end":{"line":651,"column":null}}],"line":651},"95":{"loc":{"start":{"line":654,"column":8},"end":{"line":658,"column":null}},"type":"if","locations":[{"start":{"line":654,"column":8},"end":{"line":658,"column":null}},{"start":{"line":656,"column":15},"end":{"line":658,"column":null}}],"line":654},"96":{"loc":{"start":{"line":666,"column":12},"end":{"line":670,"column":null}},"type":"if","locations":[{"start":{"line":666,"column":12},"end":{"line":670,"column":null}},{"start":{"line":668,"column":12},"end":{"line":670,"column":null}}],"line":666},"97":{"loc":{"start":{"line":666,"column":16},"end":{"line":666,"column":67}},"type":"binary-expr","locations":[{"start":{"line":666,"column":16},"end":{"line":666,"column":41}},{"start":{"line":666,"column":41},"end":{"line":666,"column":67}}],"line":666},"98":{"loc":{"start":{"line":668,"column":12},"end":{"line":670,"column":null}},"type":"if","locations":[{"start":{"line":668,"column":12},"end":{"line":670,"column":null}},{"start":{},"end":{}}],"line":668},"99":{"loc":{"start":{"line":668,"column":23},"end":{"line":668,"column":75}},"type":"binary-expr","locations":[{"start":{"line":668,"column":23},"end":{"line":668,"column":50}},{"start":{"line":668,"column":50},"end":{"line":668,"column":75}}],"line":668},"100":{"loc":{"start":{"line":674,"column":8},"end":{"line":674,"column":null}},"type":"if","locations":[{"start":{"line":674,"column":8},"end":{"line":674,"column":null}},{"start":{},"end":{}}],"line":674},"101":{"loc":{"start":{"line":677,"column":28},"end":{"line":677,"column":54}},"type":"default-arg","locations":[{"start":{"line":677,"column":44},"end":{"line":677,"column":54}}],"line":677},"102":{"loc":{"start":{"line":678,"column":8},"end":{"line":678,"column":null}},"type":"if","locations":[{"start":{"line":678,"column":8},"end":{"line":678,"column":null}},{"start":{},"end":{}}],"line":678},"103":{"loc":{"start":{"line":681,"column":8},"end":{"line":684,"column":null}},"type":"if","locations":[{"start":{"line":681,"column":8},"end":{"line":684,"column":null}},{"start":{},"end":{}}],"line":681},"104":{"loc":{"start":{"line":686,"column":8},"end":{"line":689,"column":null}},"type":"if","locations":[{"start":{"line":686,"column":8},"end":{"line":689,"column":null}},{"start":{},"end":{}}],"line":686},"105":{"loc":{"start":{"line":686,"column":12},"end":{"line":686,"column":108}},"type":"binary-expr","locations":[{"start":{"line":686,"column":12},"end":{"line":686,"column":47}},{"start":{"line":686,"column":47},"end":{"line":686,"column":75}},{"start":{"line":686,"column":75},"end":{"line":686,"column":108}}],"line":686},"106":{"loc":{"start":{"line":692,"column":8},"end":{"line":710,"column":null}},"type":"if","locations":[{"start":{"line":692,"column":8},"end":{"line":710,"column":null}},{"start":{},"end":{}}],"line":692},"107":{"loc":{"start":{"line":694,"column":33},"end":{"line":694,"column":null}},"type":"binary-expr","locations":[{"start":{"line":694,"column":33},"end":{"line":694,"column":52}},{"start":{"line":694,"column":52},"end":{"line":694,"column":null}}],"line":694},"108":{"loc":{"start":{"line":700,"column":12},"end":{"line":709,"column":null}},"type":"if","locations":[{"start":{"line":700,"column":12},"end":{"line":709,"column":null}},{"start":{},"end":{}}],"line":700},"109":{"loc":{"start":{"line":700,"column":16},"end":{"line":700,"column":83}},"type":"binary-expr","locations":[{"start":{"line":700,"column":16},"end":{"line":700,"column":45}},{"start":{"line":700,"column":45},"end":{"line":700,"column":67}},{"start":{"line":700,"column":67},"end":{"line":700,"column":83}}],"line":700},"110":{"loc":{"start":{"line":714,"column":8},"end":{"line":718,"column":null}},"type":"if","locations":[{"start":{"line":714,"column":8},"end":{"line":718,"column":null}},{"start":{"line":716,"column":8},"end":{"line":718,"column":null}}],"line":714},"111":{"loc":{"start":{"line":714,"column":12},"end":{"line":714,"column":69}},"type":"binary-expr","locations":[{"start":{"line":714,"column":12},"end":{"line":714,"column":40}},{"start":{"line":714,"column":40},"end":{"line":714,"column":56}},{"start":{"line":714,"column":56},"end":{"line":714,"column":69}}],"line":714},"112":{"loc":{"start":{"line":716,"column":8},"end":{"line":718,"column":null}},"type":"if","locations":[{"start":{"line":716,"column":8},"end":{"line":718,"column":null}},{"start":{},"end":{}}],"line":716},"113":{"loc":{"start":{"line":716,"column":19},"end":{"line":716,"column":61}},"type":"binary-expr","locations":[{"start":{"line":716,"column":19},"end":{"line":716,"column":47}},{"start":{"line":716,"column":47},"end":{"line":716,"column":61}}],"line":716},"114":{"loc":{"start":{"line":738,"column":39},"end":{"line":742,"column":13}},"type":"cond-expr","locations":[{"start":{"line":738,"column":71},"end":{"line":742,"column":12}},{"start":{"line":742,"column":12},"end":{"line":742,"column":13}}],"line":738},"115":{"loc":{"start":{"line":744,"column":8},"end":{"line":746,"column":null}},"type":"if","locations":[{"start":{"line":744,"column":8},"end":{"line":746,"column":null}},{"start":{},"end":{}}],"line":744},"116":{"loc":{"start":{"line":752,"column":8},"end":{"line":754,"column":null}},"type":"if","locations":[{"start":{"line":752,"column":8},"end":{"line":754,"column":null}},{"start":{},"end":{}}],"line":752},"117":{"loc":{"start":{"line":758,"column":28},"end":{"line":758,"column":null}},"type":"binary-expr","locations":[{"start":{"line":758,"column":28},"end":{"line":758,"column":64}},{"start":{"line":758,"column":64},"end":{"line":758,"column":null}}],"line":758},"118":{"loc":{"start":{"line":759,"column":29},"end":{"line":759,"column":null}},"type":"binary-expr","locations":[{"start":{"line":759,"column":29},"end":{"line":759,"column":66}},{"start":{"line":759,"column":66},"end":{"line":759,"column":null}}],"line":759},"119":{"loc":{"start":{"line":760,"column":31},"end":{"line":760,"column":null}},"type":"binary-expr","locations":[{"start":{"line":760,"column":31},"end":{"line":760,"column":51}},{"start":{"line":760,"column":51},"end":{"line":760,"column":null}}],"line":760},"120":{"loc":{"start":{"line":777,"column":26},"end":{"line":777,"column":null}},"type":"binary-expr","locations":[{"start":{"line":777,"column":26},"end":{"line":777,"column":64}},{"start":{"line":777,"column":64},"end":{"line":777,"column":null}}],"line":777},"121":{"loc":{"start":{"line":791,"column":188},"end":{"line":791,"column":265}},"type":"cond-expr","locations":[{"start":{"line":791,"column":199},"end":{"line":791,"column":228}},{"start":{"line":791,"column":228},"end":{"line":791,"column":265}}],"line":791},"122":{"loc":{"start":{"line":793,"column":33},"end":{"line":794,"column":null}},"type":"binary-expr","locations":[{"start":{"line":793,"column":33},"end"
[...]
"line":90,"column":null}},"53":{"start":{"line":90,"column":33},"end":{"line":90,"column":101}},"54":{"start":{"line":90,"column":72},"end":{"line":90,"column":82}},"55":{"start":{"line":93,"column":25},"end":{"line":190,"column":null}},"56":{"start":{"line":94,"column":35},"end":{"line":94,"column":null}},"57":{"start":{"line":96,"column":8},"end":{"line":188,"column":null}},"58":{"start":{"line":134,"column":32},"end":{"line":145,"column":null}},"59":{"start":{"line":149,"column":80},"end":{"line":149,"column":98}},"60":{"start":{"line":173,"column":51},"end":{"line":173,"column":null}},"61":{"start":{"line":179,"column":51},"end":{"line":179,"column":null}},"62":{"start":{"line":192,"column":4},"end":{"line":321,"column":null}},"63":{"start":{"line":250,"column":28},"end":{"line":250,"column":null}},"64":{"start":{"line":253,"column":28},"end":{"line":256,"column":null}},"65":{"start":{"line":254,"column":47},"end":{"line":254,"column":null}},"66":{"start":{"line":255,"column":32},"end":{"line":255,"column":null}},"67":{"start":{"line":259,"column":28},"end":{"line":263,"column":null}},"68":{"start":{"line":260,"column":32},"end":{"line":260,"column":null}},"69":{"start":{"line":262,"column":32},"end":{"line":262,"column":null}},"70":{"start":{"line":264,"column":28},"end":{"line":264,"column":null}},"71":{"start":{"line":283,"column":40},"end":{"line":293,"column":null}},"72":{"start":{"line":285,"column":59},"end":{"line":285,"column":null}},"73":{"start":{"line":305,"column":53},"end":{"line":305,"column":null}}},"fnMap":{"0":{"name":"(anonymous_0)","decl":{"start":{"line":6,"column":27},"end":{"line":6,"column":33}},"loc":{"start":{"line":6,"column":33},"end":{"line":323,"column":null}},"line":6},"1":{"name":"(anonymous_1)","decl":{"start":{"line":10,"column":14},"end":{"line":10,"column":20}},"loc":{"start":{"line":10,"column":20},"end":{"line":22,"column":7}},"line":10},"2":{"name":"(anonymous_2)","decl":{"start":{"line":11,"column":27},"end":{"line":11,"column":39}},"loc":{"start":{"line":11,"column":39},"end":{"line":20,"column":null}},"line":11},"3":{"name":"(anonymous_3)","decl":{"start":{"line":34,"column":14},"end":{"line":34,"column":20}},"loc":{"start":{"line":34,"column":20},"end":{"line":43,"column":7}},"line":34},"4":{"name":"(anonymous_4)","decl":{"start":{"line":35,"column":31},"end":{"line":35,"column":37}},"loc":{"start":{"line":35,"column":37},"end":{"line":40,"column":null}},"line":35},"5":{"name":"(anonymous_5)","decl":{"start":{"line":42,"column":15},"end":{"line":42,"column":21}},"loc":{"start":{"line":42,"column":21},"end":{"line":42,"column":null}},"line":42},"6":{"name":"(anonymous_6)","decl":{"start":{"line":45,"column":31},"end":{"line":45,"column":37}},"loc":{"start":{"line":45,"column":37},"end":{"line":48,"column":null}},"line":45},"7":{"name":"(anonymous_7)","decl":{"start":{"line":54,"column":37},"end":{"line":54,"column":42}},"loc":{"start":{"line":54,"column":42},"end":{"line":54,"column":109}},"line":54},"8":{"name":"(anonymous_8)","decl":{"start":{"line":55,"column":38},"end":{"line":55,"column":43}},"loc":{"start":{"line":55,"column":43},"end":{"line":55,"column":66}},"line":55},"9":{"name":"(anonymous_9)","decl":{"start":{"line":56,"column":36},"end":{"line":56,"column":41}},"loc":{"start":{"line":56,"column":41},"end":{"line":56,"column":62}},"line":56},"10":{"name":"(anonymous_10)","decl":{"start":{"line":58,"column":26},"end":{"line":58,"column":27}},"loc":{"start":{"line":58,"column":42},"end":{"line":62,"column":null}},"line":58},"11":{"name":"(anonymous_11)","decl":{"start":{"line":60,"column":18},"end":{"line":60,"column":26}},"loc":{"start":{"line":60,"column":26},"end":{"line":60,"column":87}},"line":60},"12":{"name":"(anonymous_12)","decl":{"start":{"line":60,"column":35},"end":{"line":60,"column":40}},"loc":{"start":{"line":60,"column":40},"end":{"line":60,"column":86}},"line":60},"13":{"name":"(anonymous_13)","decl":{"start":{"line":64,"column":30},"end":{"line":64,"column":31}},"loc":{"start":{"line":64,"column":46},"end":{"line":69,"column":null}},"line":64},"14":{"name":"(anonymous_14)","decl":{"start":{"line":71,"column":27},"end":{"line":71,"column":33}},"loc":{"start":{"line":71,"column":33},"end":{"line":87,"column":null}},"line":71},"15":{"name":"(anonymous_15)","decl":{"start":{"line":80,"column":18},"end":{"line":80,"column":26}},"loc":{"start":{"line":80,"column":26},"end":{"line":84,"column":14}},"line":80},"16":{"name":"(anonymous_16)","decl":{"start":{"line":80,"column":35},"end":{"line":80,"column":40}},"loc":{"start":{"line":80,"column":40},"end":{"line":84,"column":13}},"line":80},"17":{"name":"(anonymous_17)","decl":{"start":{"line":89,"column":23},"end":{"line":89,"column":24}},"loc":{"start":{"line":89,"column":41},"end":{"line":91,"column":null}},"line":89},"18":{"name":"(anonymous_18)","decl":{"start":{"line":90,"column":25},"end":{"line":90,"column":33}},"loc":{"start":{"line":90,"column":33},"end":{"line":90,"column":101}},"line":90},"19":{"name":"(anonymous_19)","decl":{"start":{"line":90,"column":67},"end":{"line":90,"column":72}},"loc":{"start":{"line":90,"column":72},"end":{"line":90,"column":82}},"line":90},"20":{"name":"(anonymous_20)","decl":{"start":{"line":93,"column":25},"end":{"line":93,"column":26}},"loc":{"start":{"line":93,"column":103},"end":{"line":190,"column":null}},"line":93},"21":{"name":"(anonymous_21)","decl":{"start":{"line":133,"column":52},"end":{"line":133,"column":53}},"loc":{"start":{"line":134,"column":32},"end":{"line":145,"column":null}},"line":134},"22":{"name":"(anonymous_22)","decl":{"start":{"line":149,"column":65},"end":{"line":149,"column":66}},"loc":{"start":{"line":149,"column":80},"end":{"line":149,"column":98}},"line":149},"23":{"name":"(anonymous_23)","decl":{"start":{"line":173,"column":45},"end":{"line":173,"column":51}},"loc":{"start":{"line":173,"column":51},"end":{"line":173,"column":null}},"line":173},"24":{"name":"(anonymous_24)","decl":{"start":{"line":179,"column":45},"end":{"line":179,"column":51}},"loc":{"start":{"line":179,"column":51},"end":{"line":179,"column":null}},"line":179},"25":{"name":"(anonymous_25)","decl":{"start":{"line":249,"column":38},"end":{"line":249,"column":39}},"loc":{"start":{"line":249,"column":45},"end":{"line":251,"column":null}},"line":249},"26":{"name":"(anonymous_26)","decl":{"start":{"line":252,"column":37},"end":{"line":252,"column":38}},"loc":{"start":{"line":252,"column":44},"end":{"line":257,"column":null}},"line":252},"27":{"name":"(anonymous_27)","decl":{"start":{"line":258,"column":36},"end":{"line":258,"column":42}},"loc":{"start":{"line":258,"column":42},"end":{"line":265,"column":null}},"line":258},"28":{"name":"(anonymous_28)","decl":{"start":{"line":282,"column":127},"end":{"line":282,"column":null}},"loc":{"start":{"line":283,"column":40},"end":{"line":293,"column":null}},"line":283},"29":{"name":"(anonymous_29)","decl":{"start":{"line":285,"column":53},"end":{"line":285,"column":59}},"loc":{"start":{"line":285,"column":59},"end":{"line":285,"column":null}},"line":285},"30":{"name":"(anonymous_30)","decl":{"start":{"line":305,"column":46},"end":{"line":305,"column":47}},"loc":{"start":{"line":305,"column":53},"end":{"line":305,"column":null}},"line":305}},"branchMap":{"0":{"loc":{"start":{"line":36,"column":12},"end":{"line":39,"column":null}},"type":"if","locations":[{"start":{"line":36,"column":12},"end":{"line":39,"column":null}},{"start":{},"end":{}}],"line":36},"1":{"loc":{"start":{"line":54,"column":42},"end":{"line":54,"column":109}},"type":"binary-expr","locations":[{"start":{"line":54,"column":42},"end":{"line":54,"column":77}},{"start":{"line":54,"column":77},"end":{"line":54,"column":109}}],"line":54},"2":{"loc":{"start":{"line":60,"column":40},"end":{"line":60,"column":86}},"type":"cond-expr","locations":[{"start":{"line":60,"column":54},"end":{"line":60,"column":85}},{"start":{"line":60,"column":85},"end":{"line":60,"column":86}}],"line":60},"3":{"loc":{"start":{"line":72,"column":8},"end":{"line":72,"column":null}},"type":"if","locations":[{"start":{"line":72,"column":8},"end":{"line":72,"column":null}},{"start":{},"end":{}}],"line":72},"4":{"loc":{"start":{"line":80,"column":40},"end":{"line":84,"column":13}},"type":"cond-expr","locations":[{"start":{"line":80,"column":73},"end":{"line":84,"column":12}},{"start":{"line":84,"column":12},"end":{"line":84,"column":13}}],"line":80},"5":{"loc":{"start":{"line":90,"column":33},"end":{"line":90,"column":101}},"type":"cond-expr","locations":[{"start":{"line":90,"column":55},"end":{"line":90,"column":86}},{"start":{"line":90,"column":86},"end":{"line":90,"column":101}}],"line":90},"6":{"loc":{"start":{"line":97,"column":89},"end":{"line":97,"column":175}},"type":"cond-expr","locations":[{"start":{"line":97,"column":104},"end":{"line":97,"column":145}},{"start":{"line":97,"column":145},"end":{"line":97,"column":175}}],"line":97},"7":{"loc":{"start":{"line":105,"column":135},"end":{"line":109,"column":null}},"type":"cond-expr","locations":[{"start":{"line":105,"column":163},"end":{"line":105,"column":null}},{"start":{"line":106,"column":24},"end":{"line":109,"column":null}}],"line":105},"8":{"loc":{"start":{"line":106,"column":24},"end":{"line":109,"column":null}},"type":"cond-expr","locations":[{"start":{"line":106,"column":62},"end":{"line":106,"column":null}},{"start":{"line":107,"column":28},"end":{"line":109,"column":null}}],"line":106},"9":{"loc":{"start":{"line":107,"column":28},"end":{"line":109,"column":null}},"type":"cond-expr","locations":[{"start":{"line":107,"column":67},"end":{"line":107,"column":null}},{"start":{"line":108,"column":32},"end":{"line":109,"column":null}}],"line":107},"10":{"loc":{"start":{"line":108,"column":32},"end":{"line":109,"column":null}},"type":"cond-expr","locations":[{"start":{"line":108,"column":62},"end":{"line":108,"column":null}},{"start":{"line":109,"column":36},"end":{"line":109,"column":null}}],"line":108},"11":{"loc":{"start":{"line":111,"column":25},"end":{"line":111,"column":null}},"type":"binary-expr","locations":[{"start":{"line":111,"column":25},"end":{"line":111,"column":54}},{"start":{"line":111,"column":54},"end":{"line":111,"column":null}}],"line":111},"12":{"loc":{"start":{"line":112,"column":25},"end":{"line":112,"column":null}},"type":"binary-expr","locations":[{"start":{"line":112,"column":25},"end":{"line":112,"column":64}},{"start":{"line":112,"column":64},"end":{"line":112,"column":null}}],"line":112},"13":{"loc":{"start":{"line":113,"column":25},"end":{"line":113,"column":null}},"type":"binary-expr","locations":[{"start":{"line":113,"column":25},"end":{"line":113,"column":65}},{"start":{"line":113,"column":65},"end":{"line":113,"column":null}}],"line":113},"14":{"loc":{"start":{"line":114,"column":25},"end":{"line":114,"column":null}},"type":"binary-expr","locations":[{"start":{"line":114,"column":25},"end":{"line":114,"column":56}},{"start":{"line":114,"column":56},"end":{"line":114,"column":null}}],"line":114},"15":{"loc":{"start":{"line":139,"column":82},"end":{"line":139,"column":129}},"type":"cond-expr","locations":[{"start":{"line":139,"column":98},"end":{"line":139,"column":116}},{"start":{"line":139,"column":116},"end":{"line":139,"column":129}}],"line":139},"16":{"loc":{"start":{"line":155,"column":21},"end":{"line":159,"column":null}},"type":"binary-expr","locations":[{"start":{"line":155,"column":21},"end":{"line":155,"column":43}},{"start":{"line":155,"column":43},"end":{"line":155,"column":null}},{"start":{"line":156,"column":24},"end":{"line":159,"column":null}}],"line":155},"17":{"loc":{"start":{"line":158,"column":68},"end":{"line":158,"column":138}},"type":"binary-expr","locations":[{"start":{"line":158,"column":68},"end":{"line":158,"column":103}},{"start":{"line":158,"column":103},"end":{"line":158,"column":138}}],"line":158},"18":{"loc":{"start":{"line":164,"column":17},"end":{"line":186,"column":null}},"type":"binary-expr","locations":[{"start":{"line":164,"column":17},"end":{"line":164,"column":null}},{"start":{"line":165,"column":20},"end":{"line":186,"column":null}}],"line":164},"19":{"loc":{"start":{"line":166,"column":25},"end":{"line":184,"column":null}},"type":"cond-expr","locations":[{"start":{"line":167,"column":28},"end":{"line":169,"column":null}},{"start":{"line":171,"column":28},"end":{"line":184,"column":null}}],"line":166},"20":{"loc":{"start":{"line":196,"column":13},"end":{"line":203,"column":null}},"type":"binary-expr","locations":[{"start":{"line":196,"column":13},"end":{"line":196,"column":null}},{"start":{"line":197,"column":16},"end":{"line":203,"column":null}}],"line":196},"21":{"loc":{"start":{"line":207,"column":13},"end":{"line":214,"column":null}},"type":"binary-expr","locations":[{"start":{"line":207,"column":13},"end":{"line":207,"column":null}},{"start":{"line":208,"column":16},"end":{"line":214,"column":null}}],"line":207},"22":{"loc":{"start":{"line":217,"column":13},"end":{"line":224,"column":null}},"type":"binary-expr","locations":[{"start":{"line":217,"column":13},"end":{"line":217,"column":30}},{"start":{"line":217,"column":30},"end":{"line":217,"column":null}},{"start":{"line":218,"column":16},"end":{"line":224,"column":null}}],"line":217},"23":{"loc":{"start":{"line":223,"column":63},"end":{"line":223,"column":148}},"type":"cond-expr","locations":[{"start":{"line":223,"column":133},"end":{"line":223,"column":142}},{"start":{"line":223,"column":142},"end":{"line":223,"column":148}}],"line":223},"24":{"loc":{"start":{"line":228,"column":13},"end":{"line":235,"column":null}},"type":"binary-expr","locations":[{"start":{"line":228,"column":13},"end":{"line":228,"column":null}},{"start":{"line":229,"column":16},"end":{"line":235,"column":null}}],"line":228},"25":{"loc":{"start":{"line":241,"column":13},"end":{"line":318,"column":null}},"type":"binary-expr","locations":[{"start":{"line":241,"column":13},"end":{"line":241,"column":null}},{"start":{"line":242,"column":16},"end":{"line":318,"column":null}}],"line":241},"26":{"loc":{"start":{"line":253,"column":28},"end":{"line":256,"column":null}},"type":"if","locations":[{"start":{"line":253,"column":28},"end":{"line":256,"column":null}},{"start":{},"end":{}}],"line":253},"27":{"loc":{"start":{"line":259,"column":28},"end":{"line":263,"column":null}},"type":"if","locations":[{"start":{"line":259,"column":28},"end":{"line":263,"column":null}},{"start":{"line":261,"column":35},"end":{"line":263,"column":null}}],"line":259},"28":{"loc":{"start":{"line":286,"column":156},"end":{"line":288,"column":null}},"type":"cond-expr","locations":[{"start":{"line":287,"column":50},"end":{"line":287,"column":null}},{"start":{"line":288,"column":50},"end":{"line":288,"column":null}}],"line":286},"29":{"loc":{"start":{"line":292,"column":45},"end":{"line":292,"column":null}},"type":"binary-expr","locations":[{"start":{"line":292,"column":45},"end":{"line":292,"column":77}},{"start":{"line":292,"column":77},"end":{"line":292,"column":null}}],"line":292}},"s":{"0":1,"1":62,"2":62,"3":62,"4":18,"5":18,"6":18,"7":17,"8":1,"9":18,"10":18,"11":62,"12":62,"13":62,"14":62,"15":29,"16":1,"17":1,"18":1,"19":29,"20":29,"21":29,"22":62,"23":1,"24":1,"25":62,"26":62,"27":62,"28":126,"29":62,"30":126,"31":62,"32":42,"33":62,"34":1,"35":1,"36":3,"37":1,"38":62,"39":10,"40":10,"41":10,"42":10,"43":62,"44":1,"45":0,"46":1,"47":1,"48":1,"49":3,"50":1,"51":62,"52":6,"53":6,"54":0,"55":62,"56":84,"57":84,"58":126,"59":126,"60":10,"61":1,"62":62,"63":2,"64":2,"65":2,"66":2,"67":2,"68":1,"69":1,"70":2,"71":120,"72":6,"73":1},"f":{"0":62,"1":18,"2":18,"3":29,"4":1,"5":29,"6":1,"7":126,"8":126,"9":42,"10":1,"11":1,"12":3,"13":10,"14":1,"15":1,"16":3,"17":6,"18":6,"19":0,"20":84,"21":126,"22":126,"23":10,"24":1,"25":2,"26":2,"27":2,"28":120,"29":6,"30":1},"b":{"0":[1,0],"1":[126,86],"2":[1,2],"3":[0,1],"4":[1,2],"5":[0,6],"6":[41,43],"7":[42,42],"8":[40,2],"9":[1,1],"10":[1,0],"11":[84,42],"12":[84,40],"13":[84,1],"14":[84,1],"15":[84,42],"16":[84,1,1],"17":[1,1],"18":[84,41],"19":[1,40],"20":[62,41],"21":[62,1],"22":[62,21,20],"23":[0,20],"24":[62,42],"25":[62,24],"26":[2,0],"27":[1,1],"28":[17,103],"29":[120,17]},"meta":{"lastBranch":30,"lastFunction":31,"lastStatement":74,"seen":{"s:6:27:323:Infinity":0,"f:6:27:6:33":0,"s:7:28:7:Infinity":1,"s:8:30:8:Infinity":2,"s:10:4:22:Infinity":3,"f:10:14:10:20":1,"s:11:27:20:Infinity":4,"f:11:27:11:39":2,"s:12:12:19:Infinity":5,"s:13:29:13:Infinity":6,"s:14:16:14:Infinity":7,"s:16:16:16:Infinity":8,"s:18:16:18:Infinity":9,"s:21:8:21:Infinity":10,"s:25:42:28:Infinity":11,"s:30:36:30:Infinity":12,"s:31:36:31:Infinity":13,"s:34:4:43:Infinity":14,"f:34:14:34:20":3,"s:35:31:40:Infinity":15,"f:35:31:35:37":4,"b:36:12:39:Infinity:undefined:undefined:undefined:undefined":0,"s:36:12:39:Infinity":16,"s:37:16:37:Infinity":17,"s:38:16:38:Infinity":18,"s:41:8:41:Infinity":19,"s:42:8:42:Infinity":20,"f:42:15:42:21":5,"s:42:21:42:Infinity":21,"s:45:31:48:Infinity":22,"f:45:31:45:37":6,"s:46:8:46:Infinity":23,"s:47:8:47:Infinity":24,"s:51:42:51:Infinity":25,"s:52:40:52:Infinity":26,"s:54:25:54:Infinity":27,"f:54:37:54:42":7,"s:54:42:54:109":28,"b:54:42:54:77:54:77:54:109":1,"s:55:26:55:Infinity":29,"f:55:38:55:43":8,"s:55:43:55:66":30,"s:56:24:56:Infinity":31,"f:56:36:56:41":9,"s:56:41:56:62":32,"s:58:26:62:Infinity":33,"f:58:26:58:27":10,"s:60:8:60:Infinity":34,"f:60:18:60:26":11,"s:60:26:60:87":35,"f:60:35:60:40":12,"s:60:40:60:86":36,"b:60:54:60:85:60:85:60:86":2,"s:61:8:61:Infinity":37,"s:64:30:69:Infinity":38,"f:64:30:64:31":13,"s:65:8:65:Infinity":39,"s:66:8:66:Infinity":40,"s:67:8:67:Infinity":41,"s:68:8:68:Infinity":42,"s:71:27:87:Infinity":43,"f:71:27:71:33":14,"b:72:8:72:Infinity:undefined:undefined:undefined:undefined":3,"s:72:8:72:Infinity":44,"s:72:36:72:Infinity":45,"s:75:29:78:Infinity":46,"s:80:8:84:Infinity":47,"f:80:18:80:26":15,"s:80:26:84:14":48,"f:80:35:80:40":16,"s:80:40:84:13":49,"b:80:73:84:12:84:12:84:13":4,"s:86:8:86:Infinity":50,"s:89:23:91:Infinity":51,"f:89:23:89:24":17,"s:90:8:90:Infinity":52,"f:90:25:90:33":18,"s:90:33:90:101":53,"b:90:55:90:86:90:86:90:101":5,"f:90:67:90:72":19,"s:90:72:90:82":54,"s:93:25:190:Infinity":55,"f:93:25:93:26":20,"s:94:35:94:Infinity":56,"s:96:8:188:Infinity":57,"b:97:104:97:145:97:145:97:175":6,"b:105:163:105:Infinity:106:24:109:Infinity":7,"b:106:62:106:Infinity:107:28:109:Infinity":8,"b:107:67:107:Infinity:108:32:109:Infinity":9,"b:108:62:108:Infinity:109:36:109:Infinity":10,"b:111:25:111:54:111:54:111:Infinity":11,"b:112:25:112:64:112:64:112:Infinity":12,"b:113:25:113:65:113:65:113:Infinity":13,"b:114:25:114:56:114:56:114:Infinity":14,"f:133:52:133:53":21,"s:134:32:145:Infinity":58,"b:139:98:139:116:139:116:139:129":15,"f:149:65:149:66":22,"s:149:80:149:98":59,"b:155:21:155:43:155:43:155:Infinity:156:24:159:Infinity":16,"b:158:68:158:103:158:103:158:138":17,"b:164:17:164:Infinity:165:20:186:Infinity":18,"b:167:28:169:Infinity:171:28:184:Infinity":19,"f:173:45:173:51":23,"s:173:51:173:Infinity":60,"f:179:45:179:51":24,"s:179:51:179:Infinity":61,"s:192:4:321:Infinity":62,"b:196:13:196:Infinity:197:16:203:Infinity":20,"b:207:13:207:Infinity:208:16:214:Infinity":21,"b:217:13:217:30:217:30:217:Infinity:218:16:224:Infinity":22,"b:223:133:223:142:223:142:223:148":23,"b:228:13:228:Infinity:229:16:235:Infinity":24,"b:241:13:241:Infinity:242:16:318:Infinity":25,"f:249:38:249:39":25,"s:250:28:250:Infinity":63,"f:252:37:252:38":26,"b:253:28:256:Infinity:undefined:undefined:undefined:undefined":26,"s:253:28:256:Infinity":64,"s:254:47:254:Infinity":65,"s:255:32:255:Infinity":66,"f:258:36:258:42":27,"b:259:28:263:Infinity:261:35:263:Infinity":27,"s:259:28:263:Infinity":67,"s:260:32:260:Infinity":68,"s:262:32:262:Infinity":69,"s:264:28:264:Infinity":70,"f:282:127:282:Infinity":28,"s:283:40:293:Infinity":71,"f:285:53:285:59":29,"s:285:59:285:Infinity":72,"b:287:50:287:Infinity:288:50:288:Infinity":28,"b:292:45:292:77:292:77:292:Infinity":29,"f:305:46:305:47":30,"s:305:53:305:Infinity":73}}}
}
